[0210/134225.845:ERROR:crash_report_database_win.cc(426)] unexpected header
[0210/134619.737:ERROR:crash_report_database_win.cc(426)] unexpected header
[0210/135141.901:ERROR:crash_report_database_win.cc(426)] unexpected header
[0210/231804.402:ERROR:crash_report_database_win.cc(426)] unexpected header
[0210/231940.843:ERROR:crash_report_database_win.cc(426)] unexpected header
[0210/232555.258:ERROR:crash_report_database_win.cc(426)] unexpected header
[0210/235520.938:ERROR:crash_report_database_win.cc(426)] unexpected header
[0210/235522.017:ERROR:crash_report_database_win.cc(426)] unexpected header
[0211/001149.353:ERROR:crash_report_database_win.cc(426)] unexpected header
[0211/001345.415:ERROR:crash_report_database_win.cc(426)] unexpected header
[0211/001458.089:ERROR:crash_report_database_win.cc(426)] unexpected header
[0211/001654.162:ERROR:crash_report_database_win.cc(426)] unexpected header
[0211/001751.780:ERROR:crash_report_database_win.cc(426)] unexpected header
[0211/002242.721:ERROR:crash_report_database_win.cc(426)] unexpected header
[0211/003139.202:ERROR:crash_report_database_win.cc(426)] unexpected header
[0211/003528.556:ERROR:crash_report_database_win.cc(426)] unexpected header
[0211/005155.097:ERROR:crash_report_database_win.cc(426)] unexpected header
[0211/005247.947:ERROR:crash_report_database_win.cc(426)] unexpected header
[0211/010111.384:ERROR:crash_report_database_win.cc(426)] unexpected header
[0211/010247.951:ERROR:crash_report_database_win.cc(426)] unexpected header
[0211/010247.952:ERROR:crash_report_database_win.cc(426)] unexpected header
[0211/010401.363:ERROR:crash_report_database_win.cc(426)] unexpected header
[0211/010558.008:ERROR:crash_report_database_win.cc(426)] unexpected header
[0211/010747.976:ERROR:crash_report_database_win.cc(426)] unexpected header
[0211/011231.893:ERROR:crash_report_database_win.cc(426)] unexpected header
[0211/012855.148:ERROR:crash_report_database_win.cc(426)] unexpected header
[0211/013054.660:ERROR:crash_report_database_win.cc(426)] unexpected header
[0211/020408.516:ERROR:crash_report_database_win.cc(426)] unexpected header
[0211/032206.533:ERROR:crash_report_database_win.cc(426)] unexpected header
[0211/032833.948:ERROR:crash_report_database_win.cc(426)] unexpected header
[0211/033433.401:ERROR:crash_report_database_win.cc(426)] unexpected header
[0211/033543.898:ERROR:crash_report_database_win.cc(426)] unexpected header
[0211/033850.762:ERROR:crash_report_database_win.cc(426)] unexpected header
[0211/034153.601:ERROR:crash_report_database_win.cc(426)] unexpected header
[0211/035821.902:ERROR:crash_report_database_win.cc(426)] unexpected header
[0211/040150.521:ERROR:crash_report_database_win.cc(426)] unexpected header
[0211/040246.650:ERROR:crash_report_database_win.cc(426)] unexpected header
[0211/040355.436:ERROR:crash_report_database_win.cc(426)] unexpected header
[0211/040635.788:ERROR:crash_report_database_win.cc(426)] unexpected header
[0211/040814.662:ERROR:crash_report_database_win.cc(426)] unexpected header
[0211/040925.127:ERROR:crash_report_database_win.cc(426)] unexpected header
[0211/042011.847:ERROR:crash_report_database_win.cc(426)] unexpected header
[0211/042024.748:ERROR:crash_report_database_win.cc(426)] unexpected header
[0211/043130.483:ERROR:crash_report_database_win.cc(426)] unexpected header
[0211/043508.351:ERROR:crash_report_database_win.cc(426)] unexpected header
[0211/043657.444:ERROR:crash_report_database_win.cc(426)] unexpected header
[0211/043933.134:ERROR:crash_report_database_win.cc(426)] unexpected header
[0211/044647.061:ERROR:crash_report_database_win.cc(426)] unexpected header
[0211/045407.465:ERROR:crash_report_database_win.cc(426)] unexpected header
[0211/045744.062:ERROR:crash_report_database_win.cc(426)] unexpected header
[0211/051235.075:ERROR:crash_report_database_win.cc(426)] unexpected header
[0211/051403.442:ERROR:crash_report_database_win.cc(426)] unexpected header
[0211/051628.218:ERROR:crash_report_database_win.cc(426)] unexpected header
[0211/051959.817:ERROR:crash_report_database_win.cc(426)] unexpected header
[0211/052452.430:ERROR:crash_report_database_win.cc(426)] unexpected header
[0211/052925.338:ERROR:crash_report_database_win.cc(426)] unexpected header
[0211/053142.116:ERROR:crash_report_database_win.cc(426)] unexpected header
[0211/053509.068:ERROR:crash_report_database_win.cc(426)] unexpected header
[0211/053521.987:ERROR:crash_report_database_win.cc(426)] unexpected header
[0211/053636.616:ERROR:crash_report_database_win.cc(426)] unexpected header
[0211/053646.277:ERROR:crash_report_database_win.cc(426)] unexpected header
[0211/053739.862:ERROR:crash_report_database_win.cc(426)] unexpected header
[0211/053750.343:ERROR:crash_report_database_win.cc(426)] unexpected header
[0211/054038.459:ERROR:crash_report_database_win.cc(426)] unexpected header
[0211/054049.473:ERROR:crash_report_database_win.cc(426)] unexpected header
[0211/054221.819:ERROR:crash_report_database_win.cc(426)] unexpected header
[0211/054238.914:ERROR:crash_report_database_win.cc(426)] unexpected header
[0211/054654.293:ERROR:crash_report_database_win.cc(426)] unexpected header
[0211/054815.553:ERROR:crash_report_database_win.cc(426)] unexpected header
[0213/222120.667:ERROR:crash_report_database_win.cc(426)] unexpected header
[0213/222330.247:ERROR:crash_report_database_win.cc(426)] unexpected header
[0213/222754.642:ERROR:crash_report_database_win.cc(426)] unexpected header
[0214/115725.102:ERROR:crash_report_database_win.cc(426)] unexpected header
[0214/115845.632:ERROR:crash_report_database_win.cc(426)] unexpected header
[0214/120006.300:ERROR:crash_report_database_win.cc(426)] unexpected header
[0214/120950.950:ERROR:crash_report_database_win.cc(426)] unexpected header
[0214/121110.650:ERROR:crash_report_database_win.cc(426)] unexpected header
[0214/121312.810:ERROR:crash_report_database_win.cc(426)] unexpected header
[0214/121657.166:ERROR:crash_report_database_win.cc(426)] unexpected header
[0214/121818.359:ERROR:crash_report_database_win.cc(426)] unexpected header
[0214/122604.449:ERROR:crash_report_database_win.cc(426)] unexpected header
[0214/171055.461:ERROR:crash_report_database_win.cc(426)] unexpected header
[0214/171333.207:ERROR:crash_report_database_win.cc(426)] unexpected header
[0215/171014.679:ERROR:crash_report_database_win.cc(426)] unexpected header
[0215/171516.212:ERROR:crash_report_database_win.cc(426)] unexpected header
[0215/171715.365:ERROR:crash_report_database_win.cc(426)] unexpected header
[0215/172027.772:ERROR:crash_report_database_win.cc(426)] unexpected header
[0215/172435.193:ERROR:crash_report_database_win.cc(426)] unexpected header
[0215/172644.539:ERROR:crash_report_database_win.cc(426)] unexpected header
[0215/173300.803:ERROR:crash_report_database_win.cc(426)] unexpected header
[0215/174215.086:ERROR:crash_report_database_win.cc(426)] unexpected header
[0215/174451.843:ERROR:crash_report_database_win.cc(426)] unexpected header
[0215/174845.553:ERROR:crash_report_database_win.cc(426)] unexpected header
[0215/175405.235:ERROR:crash_report_database_win.cc(426)] unexpected header
[0216/104442.664:ERROR:crash_report_database_win.cc(426)] unexpected header
[0216/104723.592:ERROR:crash_report_database_win.cc(426)] unexpected header
[0216/105146.509:ERROR:crash_report_database_win.cc(426)] unexpected header
[0216/110112.176:ERROR:crash_report_database_win.cc(426)] unexpected header
[0216/110425.961:ERROR:crash_report_database_win.cc(426)] unexpected header
[0216/110757.218:ERROR:crash_report_database_win.cc(426)] unexpected header
[0216/111039.290:ERROR:crash_report_database_win.cc(426)] unexpected header
[0216/111347.944:ERROR:crash_report_database_win.cc(426)] unexpected header
[0216/111510.841:ERROR:crash_report_database_win.cc(426)] unexpected header
[0216/112213.774:ERROR:crash_report_database_win.cc(426)] unexpected header
[0216/112724.893:ERROR:crash_report_database_win.cc(426)] unexpected header
[0216/112847.378:ERROR:crash_report_database_win.cc(426)] unexpected header
[0216/113718.110:ERROR:crash_report_database_win.cc(426)] unexpected header
[0216/114314.170:ERROR:crash_report_database_win.cc(426)] unexpected header
[0216/114718.126:ERROR:crash_report_database_win.cc(426)] unexpected header
[0216/114718.126:ERROR:crash_report_database_win.cc(426)] unexpected header
[0216/115134.628:ERROR:crash_report_database_win.cc(426)] unexpected header
[0216/115218.145:ERROR:crash_report_database_win.cc(426)] unexpected header
[0216/115314.442:ERROR:crash_report_database_win.cc(426)] unexpected header
[0216/115314.442:ERROR:crash_report_database_win.cc(426)] unexpected header
[0216/115650.895:ERROR:crash_report_database_win.cc(426)] unexpected header
[0216/115852.684:ERROR:crash_report_database_win.cc(426)] unexpected header
[0216/120852.688:ERROR:crash_report_database_win.cc(426)] unexpected header
[0216/120852.688:ERROR:crash_report_database_win.cc(426)] unexpected header
[0216/121352.687:ERROR:crash_report_database_win.cc(426)] unexpected header
[0216/122131.671:ERROR:crash_report_database_win.cc(426)] unexpected header
[0216/122702.584:ERROR:crash_report_database_win.cc(426)] unexpected header
[0216/122856.832:ERROR:crash_report_database_win.cc(426)] unexpected header
[0216/124108.213:ERROR:crash_report_database_win.cc(426)] unexpected header
[0216/124233.409:ERROR:crash_report_database_win.cc(426)] unexpected header
[0216/124600.721:ERROR:crash_report_database_win.cc(426)] unexpected header
[0216/124952.363:ERROR:crash_report_database_win.cc(426)] unexpected header
[0216/125408.466:ERROR:crash_report_database_win.cc(426)] unexpected header
[0216/130356.608:ERROR:crash_report_database_win.cc(426)] unexpected header
[0216/130814.397:ERROR:crash_report_database_win.cc(426)] unexpected header
[0216/131232.671:ERROR:crash_report_database_win.cc(426)] unexpected header
[0216/131324.584:ERROR:crash_report_database_win.cc(426)] unexpected header
[0216/132507.298:ERROR:crash_report_database_win.cc(426)] unexpected header
[0216/132747.234:ERROR:crash_report_database_win.cc(426)] unexpected header
[0216/134558.730:ERROR:crash_report_database_win.cc(426)] unexpected header
[0216/140239.195:ERROR:crash_report_database_win.cc(426)] unexpected header
[0216/141331.461:ERROR:crash_report_database_win.cc(426)] unexpected header
[0216/141531.908:ERROR:crash_report_database_win.cc(426)] unexpected header
[0216/141728.109:ERROR:crash_report_database_win.cc(426)] unexpected header
[0216/142550.712:ERROR:crash_report_database_win.cc(426)] unexpected header
[0216/143227.056:ERROR:crash_report_database_win.cc(426)] unexpected header
[0216/143714.436:ERROR:crash_report_database_win.cc(426)] unexpected header
[0216/144010.712:ERROR:crash_report_database_win.cc(426)] unexpected header
[0216/144100.187:ERROR:crash_report_database_win.cc(426)] unexpected header
[0216/144532.262:ERROR:crash_report_database_win.cc(426)] unexpected header
[0216/144830.396:ERROR:crash_report_database_win.cc(426)] unexpected header
[0216/152606.405:ERROR:crash_report_database_win.cc(426)] unexpected header
[0216/155921.442:ERROR:crash_report_database_win.cc(426)] unexpected header
[0216/160149.211:ERROR:crash_report_database_win.cc(426)] unexpected header
[0216/161134.039:ERROR:crash_report_database_win.cc(426)] unexpected header
[0216/161839.458:ERROR:crash_report_database_win.cc(426)] unexpected header
[0216/164244.469:ERROR:crash_report_database_win.cc(426)] unexpected header
[0216/164520.468:ERROR:crash_report_database_win.cc(426)] unexpected header
[0216/164817.853:ERROR:crash_report_database_win.cc(426)] unexpected header
[0216/165029.147:ERROR:crash_report_database_win.cc(426)] unexpected header
[0216/165502.886:ERROR:crash_report_database_win.cc(426)] unexpected header
[0216/165728.880:ERROR:crash_report_database_win.cc(426)] unexpected header
[0216/170008.767:ERROR:crash_report_database_win.cc(426)] unexpected header
[0216/174138.418:ERROR:crash_report_database_win.cc(426)] unexpected header
[0216/174623.131:ERROR:crash_report_database_win.cc(426)] unexpected header
[0216/174823.363:ERROR:crash_report_database_win.cc(426)] unexpected header
[0216/180551.651:ERROR:crash_report_database_win.cc(426)] unexpected header
[0216/182959.913:ERROR:crash_report_database_win.cc(426)] unexpected header
[0216/183038.502:ERROR:crash_report_database_win.cc(426)] unexpected header
[0216/184333.045:ERROR:crash_report_database_win.cc(426)] unexpected header
[0216/185239.634:ERROR:crash_report_database_win.cc(426)] unexpected header
[0216/192226.441:ERROR:crash_report_database_win.cc(426)] unexpected header
[0216/202545.365:ERROR:crash_report_database_win.cc(426)] unexpected header
[0301/132246.221:ERROR:crash_report_database_win.cc(426)] unexpected header
[0301/133718.361:ERROR:crash_report_database_win.cc(426)] unexpected header
[0301/134716.797:ERROR:crash_report_database_win.cc(426)] unexpected header
[0301/134937.122:ERROR:crash_report_database_win.cc(426)] unexpected header
[0301/135931.811:ERROR:crash_report_database_win.cc(426)] unexpected header
[0301/140329.549:ERROR:crash_report_database_win.cc(426)] unexpected header
[0301/140432.648:ERROR:crash_report_database_win.cc(426)] unexpected header
[0301/144305.331:ERROR:crash_report_database_win.cc(426)] unexpected header
[0301/153617.294:ERROR:crash_report_database_win.cc(426)] unexpected header
[0301/154926.777:ERROR:crash_report_database_win.cc(426)] unexpected header
[0301/164708.184:ERROR:crash_report_database_win.cc(426)] unexpected header
[0301/165212.457:ERROR:crash_report_database_win.cc(426)] unexpected header
[0301/170127.340:ERROR:crash_report_database_win.cc(426)] unexpected header
[0301/171022.969:ERROR:crash_report_database_win.cc(426)] unexpected header
[0301/174040.161:ERROR:crash_report_database_win.cc(426)] unexpected header
[0301/174113.685:ERROR:crash_report_database_win.cc(426)] unexpected header
[0301/174645.452:ERROR:crash_report_database_win.cc(426)] unexpected header
[0301/180821.428:ERROR:crash_report_database_win.cc(426)] unexpected header
[0301/181031.246:ERROR:crash_report_database_win.cc(426)] unexpected header
[0301/181122.694:ERROR:crash_report_database_win.cc(426)] unexpected header
[0301/182216.254:ERROR:crash_report_database_win.cc(426)] unexpected header
[0301/182313.310:ERROR:crash_report_database_win.cc(426)] unexpected header
[0301/183656.719:ERROR:crash_report_database_win.cc(426)] unexpected header
[0301/200020.685:ERROR:crash_report_database_win.cc(426)] unexpected header
[0301/200115.760:ERROR:crash_report_database_win.cc(426)] unexpected header
[0301/201459.414:ERROR:crash_report_database_win.cc(426)] unexpected header
[0301/201609.541:ERROR:crash_report_database_win.cc(426)] unexpected header
[0301/210353.771:ERROR:crash_report_database_win.cc(426)] unexpected header
[0301/210517.387:ERROR:crash_report_database_win.cc(426)] unexpected header
[0301/212653.095:ERROR:crash_report_database_win.cc(426)] unexpected header
[0301/212816.880:ERROR:crash_report_database_win.cc(426)] unexpected header
[0301/220740.459:ERROR:crash_report_database_win.cc(426)] unexpected header
[0301/220857.745:ERROR:crash_report_database_win.cc(426)] unexpected header
[0301/225331.442:ERROR:crash_report_database_win.cc(426)] unexpected header
[0301/225907.707:ERROR:crash_report_database_win.cc(426)] unexpected header
[0301/230010.289:ERROR:crash_report_database_win.cc(426)] unexpected header
[0301/230528.527:ERROR:crash_report_database_win.cc(426)] unexpected header
[0301/230622.472:ERROR:crash_report_database_win.cc(426)] unexpected header
[0301/234928.851:ERROR:crash_report_database_win.cc(426)] unexpected header
[0301/235135.628:ERROR:crash_report_database_win.cc(426)] unexpected header
[0302/000009.104:ERROR:crash_report_database_win.cc(426)] unexpected header
[0302/000420.758:ERROR:crash_report_database_win.cc(426)] unexpected header
[0302/000628.614:ERROR:crash_report_database_win.cc(426)] unexpected header
[0302/004027.006:ERROR:crash_report_database_win.cc(426)] unexpected header
[0302/004131.479:ERROR:crash_report_database_win.cc(426)] unexpected header
[0302/004725.464:ERROR:crash_report_database_win.cc(426)] unexpected header
[0302/005021.864:ERROR:crash_report_database_win.cc(426)] unexpected header
[0302/005432.321:ERROR:crash_report_database_win.cc(426)] unexpected header
[0302/005548.834:ERROR:crash_report_database_win.cc(426)] unexpected header
[0302/012547.111:ERROR:crash_report_database_win.cc(426)] unexpected header
[0302/012657.308:ERROR:crash_report_database_win.cc(426)] unexpected header
[0302/012807.034:ERROR:crash_report_database_win.cc(426)] unexpected header
[0302/150610.618:ERROR:crash_report_database_win.cc(426)] unexpected header
[0302/154922.267:ERROR:crash_report_database_win.cc(426)] unexpected header
[0302/155511.076:ERROR:crash_report_database_win.cc(426)] unexpected header
[0302/155722.392:ERROR:crash_report_database_win.cc(426)] unexpected header
[0302/160133.705:ERROR:crash_report_database_win.cc(426)] unexpected header
[0302/160556.059:ERROR:crash_report_database_win.cc(426)] unexpected header
[0302/160904.619:ERROR:crash_report_database_win.cc(426)] unexpected header
[0302/161010.990:ERROR:crash_report_database_win.cc(426)] unexpected header
[0302/161209.671:ERROR:crash_report_database_win.cc(426)] unexpected header
[0302/161349.481:ERROR:crash_report_database_win.cc(426)] unexpected header
[0302/161900.755:ERROR:crash_report_database_win.cc(426)] unexpected header
[0302/162940.818:ERROR:crash_report_database_win.cc(426)] unexpected header
[0302/170233.896:ERROR:crash_report_database_win.cc(426)] unexpected header
[0302/171008.802:ERROR:crash_report_database_win.cc(426)] unexpected header
[0303/164926.830:ERROR:crash_report_database_win.cc(426)] unexpected header
[0303/165028.274:ERROR:crash_report_database_win.cc(426)] unexpected header
[0303/171003.919:ERROR:crash_report_database_win.cc(426)] unexpected header
[0303/171114.759:ERROR:crash_report_database_win.cc(426)] unexpected header
[0303/171343.347:ERROR:crash_report_database_win.cc(426)] unexpected header
[0303/171515.925:ERROR:crash_report_database_win.cc(426)] unexpected header
[0303/171550.028:ERROR:crash_report_database_win.cc(426)] unexpected header
[0303/171647.451:ERROR:crash_report_database_win.cc(426)] unexpected header
[0303/171740.846:ERROR:crash_report_database_win.cc(426)] unexpected header
[0303/171840.152:ERROR:crash_report_database_win.cc(426)] unexpected header
[0303/172336.344:ERROR:crash_report_database_win.cc(426)] unexpected header
[0303/172432.761:ERROR:crash_report_database_win.cc(426)] unexpected header
[0303/173442.406:ERROR:crash_report_database_win.cc(426)] unexpected header
[0303/173559.756:ERROR:crash_report_database_win.cc(426)] unexpected header
[0303/173948.182:ERROR:crash_report_database_win.cc(426)] unexpected header
[0303/174110.537:ERROR:crash_report_database_win.cc(426)] unexpected header
[0303/175718.866:ERROR:crash_report_database_win.cc(426)] unexpected header
[0303/175939.415:ERROR:crash_report_database_win.cc(426)] unexpected header
[0303/180348.558:ERROR:crash_report_database_win.cc(426)] unexpected header
[0303/180447.723:ERROR:crash_report_database_win.cc(426)] unexpected header
[0303/180629.518:ERROR:crash_report_database_win.cc(426)] unexpected header
[0303/180720.359:ERROR:crash_report_database_win.cc(426)] unexpected header
[0303/183215.462:ERROR:crash_report_database_win.cc(426)] unexpected header
[0303/184114.052:ERROR:crash_report_database_win.cc(426)] unexpected header
[0303/184734.154:ERROR:crash_report_database_win.cc(426)] unexpected header
[0303/184833.368:ERROR:crash_report_database_win.cc(426)] unexpected header
[0303/184903.055:ERROR:crash_report_database_win.cc(426)] unexpected header
[0303/185151.918:ERROR:crash_report_database_win.cc(426)] unexpected header
[0303/185534.026:ERROR:crash_report_database_win.cc(426)] unexpected header
[0303/193220.867:ERROR:crash_report_database_win.cc(426)] unexpected header
[0303/193432.793:ERROR:crash_report_database_win.cc(426)] unexpected header
[0303/193539.984:ERROR:crash_report_database_win.cc(426)] unexpected header
[0303/193812.645:ERROR:crash_report_database_win.cc(426)] unexpected header
[0303/194429.019:ERROR:crash_report_database_win.cc(426)] unexpected header
[0303/194522.949:ERROR:crash_report_database_win.cc(426)] unexpected header
[0303/194653.497:ERROR:crash_report_database_win.cc(426)] unexpected header
[0303/195819.299:ERROR:crash_report_database_win.cc(426)] unexpected header
[0303/200239.287:ERROR:crash_report_database_win.cc(426)] unexpected header
[0303/200835.862:ERROR:crash_report_database_win.cc(426)] unexpected header
[0303/201029.299:ERROR:crash_report_database_win.cc(426)] unexpected header
[0303/201209.664:ERROR:crash_report_database_win.cc(426)] unexpected header
[0303/202825.898:ERROR:crash_report_database_win.cc(426)] unexpected header
[0303/203131.214:ERROR:crash_report_database_win.cc(426)] unexpected header
[0303/203938.445:ERROR:crash_report_database_win.cc(426)] unexpected header
[0303/204058.147:ERROR:crash_report_database_win.cc(426)] unexpected header
[0303/204230.490:ERROR:crash_report_database_win.cc(426)] unexpected header
[0303/204818.813:ERROR:crash_report_database_win.cc(426)] unexpected header
[0303/204924.432:ERROR:crash_report_database_win.cc(426)] unexpected header
[0303/205059.658:ERROR:crash_report_database_win.cc(426)] unexpected header
[0303/205702.173:ERROR:crash_report_database_win.cc(426)] unexpected header
[0303/205757.314:ERROR:crash_report_database_win.cc(426)] unexpected header
[0303/205931.603:ERROR:crash_report_database_win.cc(426)] unexpected header
[0303/210331.003:ERROR:crash_report_database_win.cc(426)] unexpected header
[0303/210424.516:ERROR:crash_report_database_win.cc(426)] unexpected header
[0303/210610.384:ERROR:crash_report_database_win.cc(426)] unexpected header
[0303/211033.142:ERROR:crash_report_database_win.cc(426)] unexpected header
[0303/211123.727:ERROR:crash_report_database_win.cc(426)] unexpected header
[0303/211308.394:ERROR:crash_report_database_win.cc(426)] unexpected header
[0303/214652.738:ERROR:crash_report_database_win.cc(426)] unexpected header
[0303/214810.510:ERROR:crash_report_database_win.cc(426)] unexpected header
[0303/215009.607:ERROR:crash_report_database_win.cc(426)] unexpected header
[0303/215051.030:ERROR:crash_report_database_win.cc(426)] unexpected header
[0303/215232.174:ERROR:crash_report_database_win.cc(426)] unexpected header
[0303/215935.448:ERROR:crash_report_database_win.cc(426)] unexpected header
[0303/220047.607:ERROR:crash_report_database_win.cc(426)] unexpected header
[0303/220239.576:ERROR:crash_report_database_win.cc(426)] unexpected header
[0303/220327.556:ERROR:crash_report_database_win.cc(426)] unexpected header
[0303/220457.841:ERROR:crash_report_database_win.cc(426)] unexpected header
[0303/223141.260:ERROR:crash_report_database_win.cc(426)] unexpected header
[0303/223244.149:ERROR:crash_report_database_win.cc(426)] unexpected header
[0303/223443.883:ERROR:crash_report_database_win.cc(426)] unexpected header
[0303/223524.193:ERROR:crash_report_database_win.cc(426)] unexpected header
[0303/223524.873:ERROR:crash_report_database_win.cc(426)] unexpected header
[0303/223818.332:ERROR:crash_report_database_win.cc(426)] unexpected header
[0303/223818.385:ERROR:crash_report_database_win.cc(426)] unexpected header
[0303/223858.900:ERROR:crash_report_database_win.cc(426)] unexpected header
[0303/224857.412:ERROR:crash_report_database_win.cc(426)] unexpected header
[0303/224945.711:ERROR:crash_report_database_win.cc(426)] unexpected header
[0303/225120.408:ERROR:crash_report_database_win.cc(426)] unexpected header
[0303/225626.914:ERROR:crash_report_database_win.cc(426)] unexpected header
[0303/225737.421:ERROR:crash_report_database_win.cc(426)] unexpected header
[0303/225931.465:ERROR:crash_report_database_win.cc(426)] unexpected header
[0303/225937.982:ERROR:crash_report_database_win.cc(426)] unexpected header
[0303/225945.925:ERROR:crash_report_database_win.cc(426)] unexpected header
[0303/230244.942:ERROR:crash_report_database_win.cc(426)] unexpected header
[0303/230343.694:ERROR:crash_report_database_win.cc(426)] unexpected header
[0303/230641.209:ERROR:crash_report_database_win.cc(426)] unexpected header
[0303/230733.899:ERROR:crash_report_database_win.cc(426)] unexpected header
[0303/230913.706:ERROR:crash_report_database_win.cc(426)] unexpected header
[0303/231641.212:ERROR:crash_report_database_win.cc(426)] unexpected header
[0303/231641.213:ERROR:crash_report_database_win.cc(426)] unexpected header
[0303/232141.209:ERROR:crash_report_database_win.cc(426)] unexpected header
[0303/233641.272:ERROR:crash_report_database_win.cc(426)] unexpected header
[0312/170733.067:ERROR:crash_report_database_win.cc(426)] unexpected header
[0312/170825.415:ERROR:crash_report_database_win.cc(426)] unexpected header
[0312/172406.588:ERROR:crash_report_database_win.cc(426)] unexpected header
[0312/172452.884:ERROR:crash_report_database_win.cc(426)] unexpected header
[0312/172654.108:ERROR:crash_report_database_win.cc(426)] unexpected header
[0312/172708.203:ERROR:crash_report_database_win.cc(426)] unexpected header
[0312/172730.198:ERROR:crash_report_database_win.cc(426)] unexpected header
[0312/172737.194:ERROR:crash_report_database_win.cc(426)] unexpected header
[0312/173025.368:ERROR:crash_report_database_win.cc(426)] unexpected header
[0312/173111.672:ERROR:crash_report_database_win.cc(426)] unexpected header
[0312/173254.193:ERROR:crash_report_database_win.cc(426)] unexpected header
[0312/173339.742:ERROR:crash_report_database_win.cc(426)] unexpected header
[0312/173535.256:ERROR:crash_report_database_win.cc(426)] unexpected header
[0312/173538.658:ERROR:crash_report_database_win.cc(426)] unexpected header
[0312/173539.524:ERROR:process_reader_win.cc(142)] SuspendThread: Access is denied. (0x5)
[0312/173539.525:ERROR:process_reader_win.cc(142)] SuspendThread: Access is denied. (0x5)
[0312/173539.525:ERROR:process_reader_win.cc(114)] NtOpenThread: {Access Denied} A process has requested access to an object, but has not been granted those access rights.  (0xc0000022)
[0312/173539.574:ERROR:exception_snapshot_win.cc(87)] thread ID 1780 not found in process
[0312/173539.574:WARNING:crash_report_exception_handler.cc(60)] ProcessSnapshotWin::Initialize failed
[0312/173613.129:ERROR:crash_report_database_win.cc(426)] unexpected header
[0312/173658.531:ERROR:crash_report_database_win.cc(426)] unexpected header
[0312/173852.119:ERROR:crash_report_database_win.cc(426)] unexpected header
[0312/173953.243:ERROR:crash_report_database_win.cc(426)] unexpected header
[0312/174039.035:ERROR:crash_report_database_win.cc(426)] unexpected header
[0312/174253.679:ERROR:crash_report_database_win.cc(426)] unexpected header
[0312/174940.015:ERROR:crash_report_database_win.cc(426)] unexpected header
[0312/175025.226:ERROR:crash_report_database_win.cc(426)] unexpected header
[0312/175221.171:ERROR:crash_report_database_win.cc(426)] unexpected header
[0312/175904.837:ERROR:crash_report_database_win.cc(426)] unexpected header
[0312/175949.712:ERROR:crash_report_database_win.cc(426)] unexpected header
[0312/180142.769:ERROR:crash_report_database_win.cc(426)] unexpected header
[0312/180152.147:ERROR:crash_report_database_win.cc(426)] unexpected header
[0312/180152.311:ERROR:process_reader_win.cc(114)] NtOpenThread: {Access Denied} A process has requested access to an object, but has not been granted those access rights.  (0xc0000022)
[0312/180152.314:ERROR:exception_snapshot_win.cc(87)] thread ID 1996 not found in process
[0312/180152.314:WARNING:crash_report_exception_handler.cc(60)] ProcessSnapshotWin::Initialize failed
[0312/181830.172:ERROR:crash_report_database_win.cc(426)] unexpected header
[0312/181914.796:ERROR:crash_report_database_win.cc(426)] unexpected header
[0312/182109.963:ERROR:crash_report_database_win.cc(426)] unexpected header
[0312/182135.360:ERROR:crash_report_database_win.cc(426)] unexpected header
[0312/182214.991:ERROR:crash_report_database_win.cc(426)] unexpected header
[0312/182302.246:ERROR:crash_report_database_win.cc(426)] unexpected header
[0312/182527.065:ERROR:crash_report_database_win.cc(426)] unexpected header
[0312/182542.077:ERROR:process_reader_win.cc(114)] NtOpenThread: {Access Denied} A process has requested access to an object, but has not been granted those access rights.  (0xc0000022)
[0312/182542.078:ERROR:exception_snapshot_win.cc(87)] thread ID 3432 not found in process
[0312/182542.078:WARNING:crash_report_exception_handler.cc(60)] ProcessSnapshotWin::Initialize failed
[0312/182629.391:ERROR:crash_report_database_win.cc(426)] unexpected header
[0312/182713.903:ERROR:crash_report_database_win.cc(426)] unexpected header
[0312/182908.596:ERROR:crash_report_database_win.cc(426)] unexpected header
[0312/182919.502:ERROR:process_reader_win.cc(114)] NtOpenThread: {Access Denied} A process has requested access to an object, but has not been granted those access rights.  (0xc0000022)
[0312/182919.503:ERROR:exception_snapshot_win.cc(87)] thread ID 3220 not found in process
[0312/182919.503:WARNING:crash_report_exception_handler.cc(60)] ProcessSnapshotWin::Initialize failed
[0312/183433.651:ERROR:crash_report_database_win.cc(426)] unexpected header
[0312/183511.975:ERROR:crash_report_database_win.cc(426)] unexpected header
[0312/183554.801:ERROR:crash_report_database_win.cc(426)] unexpected header
[0312/183604.755:ERROR:crash_report_database_win.cc(426)] unexpected header
[0312/183604.908:ERROR:process_reader_win.cc(114)] NtOpenThread: {Access Denied} A process has requested access to an object, but has not been granted those access rights.  (0xc0000022)
[0312/183604.908:ERROR:exception_snapshot_win.cc(87)] thread ID 7552 not found in process
[0312/183604.908:WARNING:crash_report_exception_handler.cc(60)] ProcessSnapshotWin::Initialize failed
[0312/190412.180:ERROR:crash_report_database_win.cc(426)] unexpected header
[0312/190459.538:ERROR:crash_report_database_win.cc(426)] unexpected header
[0312/190657.626:ERROR:crash_report_database_win.cc(426)] unexpected header
[0312/190744.235:ERROR:crash_report_database_win.cc(426)] unexpected header
[0312/190943.609:ERROR:crash_report_database_win.cc(426)] unexpected header
[0312/190949.918:ERROR:process_reader_win.cc(114)] NtOpenThread: {Access Denied} A process has requested access to an object, but has not been granted those access rights.  (0xc0000022)
[0312/190949.919:ERROR:exception_snapshot_win.cc(87)] thread ID 5336 not found in process
[0312/190949.919:WARNING:crash_report_exception_handler.cc(60)] ProcessSnapshotWin::Initialize failed
[0312/191558.698:ERROR:crash_report_database_win.cc(426)] unexpected header
[0312/191602.159:ERROR:crash_report_database_win.cc(426)] unexpected header
[0312/192831.238:ERROR:crash_report_database_win.cc(426)] unexpected header
[0312/192921.656:ERROR:crash_report_database_win.cc(426)] unexpected header
[0312/193119.666:ERROR:crash_report_database_win.cc(426)] unexpected header
[0312/193147.379:ERROR:process_reader_win.cc(114)] NtOpenThread: {Access Denied} A process has requested access to an object, but has not been granted those access rights.  (0xc0000022)
[0312/193147.381:ERROR:exception_snapshot_win.cc(87)] thread ID 12448 not found in process
[0312/193147.381:WARNING:crash_report_exception_handler.cc(60)] ProcessSnapshotWin::Initialize failed
[0312/193313.975:ERROR:crash_report_database_win.cc(426)] unexpected header
[0312/193359.522:ERROR:crash_report_database_win.cc(426)] unexpected header
[0312/194329.880:ERROR:crash_report_database_win.cc(426)] unexpected header
[0312/194414.131:ERROR:crash_report_database_win.cc(426)] unexpected header
[0312/194501.504:ERROR:crash_report_database_win.cc(426)] unexpected header
[0312/194658.837:ERROR:crash_report_database_win.cc(426)] unexpected header
[0312/195120.040:ERROR:crash_report_database_win.cc(426)] unexpected header
[0312/195205.274:ERROR:crash_report_database_win.cc(426)] unexpected header
[0312/195356.273:ERROR:crash_report_database_win.cc(426)] unexpected header
[0312/200042.867:ERROR:crash_report_database_win.cc(426)] unexpected header
[0312/200128.587:ERROR:crash_report_database_win.cc(426)] unexpected header
[0312/200327.586:ERROR:crash_report_database_win.cc(426)] unexpected header
[0312/200402.869:ERROR:crash_report_database_win.cc(426)] unexpected header
[0312/200532.724:ERROR:crash_report_database_win.cc(426)] unexpected header
[0312/200638.631:ERROR:crash_report_database_win.cc(426)] unexpected header
[0312/200650.842:ERROR:process_reader_win.cc(114)] NtOpenThread: {Access Denied} A process has requested access to an object, but has not been granted those access rights.  (0xc0000022)
[0312/200650.853:ERROR:exception_snapshot_win.cc(87)] thread ID 1804 not found in process
[0312/200650.853:WARNING:crash_report_exception_handler.cc(60)] ProcessSnapshotWin::Initialize failed
[0312/201246.495:ERROR:crash_report_database_win.cc(426)] unexpected header
[0312/201331.167:ERROR:crash_report_database_win.cc(426)] unexpected header
[0312/201535.122:ERROR:crash_report_database_win.cc(426)] unexpected header
[0312/201615.130:ERROR:crash_report_database_win.cc(426)] unexpected header
[0312/201743.879:ERROR:crash_report_database_win.cc(426)] unexpected header
[0312/201849.859:ERROR:crash_report_database_win.cc(426)] unexpected header
[0312/202459.126:ERROR:process_reader_win.cc(114)] NtOpenThread: {Access Denied} A process has requested access to an object, but has not been granted those access rights.  (0xc0000022)
[0312/202459.127:ERROR:exception_snapshot_win.cc(87)] thread ID 12300 not found in process
[0312/202459.127:WARNING:crash_report_exception_handler.cc(60)] ProcessSnapshotWin::Initialize failed
[0507/133031.694:ERROR:crash_report_database_win.cc(426)] unexpected header
[0507/133211.649:ERROR:process_reader_win.cc(114)] NtOpenThread: {Access Denied} A process has requested access to an object, but has not been granted those access rights.  (0xc0000022)
[0507/133211.660:ERROR:exception_snapshot_win.cc(87)] thread ID 18316 not found in process
[0507/133211.660:WARNING:crash_report_exception_handler.cc(60)] ProcessSnapshotWin::Initialize failed
[0507/133253.654:ERROR:crash_report_database_win.cc(426)] unexpected header
[0507/133415.166:ERROR:crash_report_database_win.cc(426)] unexpected header
[0507/133759.134:ERROR:process_reader_win.cc(114)] NtOpenThread: {Access Denied} A process has requested access to an object, but has not been granted those access rights.  (0xc0000022)
[0507/133759.136:ERROR:exception_snapshot_win.cc(87)] thread ID 15460 not found in process
[0507/133759.136:WARNING:crash_report_exception_handler.cc(60)] ProcessSnapshotWin::Initialize failed
[0517/190630.761:ERROR:crash_report_database_win.cc(426)] unexpected header
[0517/190732.492:ERROR:crash_report_database_win.cc(426)] unexpected header
[0517/191737.950:ERROR:crash_report_database_win.cc(426)] unexpected header
[0517/195507.791:ERROR:crash_report_database_win.cc(426)] unexpected header
[0517/200136.782:ERROR:crash_report_database_win.cc(426)] unexpected header
[0524/004744.830:ERROR:crash_report_database_win.cc(426)] unexpected header
[0524/031109.981:ERROR:crash_report_database_win.cc(426)] unexpected header
[0524/034039.947:ERROR:crash_report_database_win.cc(426)] unexpected header
[0524/034145.849:ERROR:crash_report_database_win.cc(426)] unexpected header
[0524/034738.430:ERROR:crash_report_database_win.cc(426)] unexpected header
[0531/142254.942:ERROR:crash_report_database_win.cc(426)] unexpected header
[0531/144913.297:ERROR:crash_report_database_win.cc(426)] unexpected header
