2017-05-10 17:31:41,026 -FacebookTest -INFO - Browser Started
2017-05-10 17:33:39,817 -FacebookTest -INFO - FaceBook Page is loaded
2017-05-10 17:33:57,605 -FacebookTest -INFO - USER NAME :markreevs0@gmail.com
2017-05-10 17:34:01,186 -FacebookTest -INFO - PASSWORD: P@ssw0rd2
2017-05-10 17:35:07,165 -FacebookTest -INFO - Login Button Clicked
2017-05-10 17:35:15,011 -FacebookTest -INFO - Chat Icon clicked
2017-05-10 17:35:45,484 -FacebookTest -INFO - View more chat details tab clicked
2017-05-10 17:35:49,416 -FacebookTest -INFO - SBSA South Africa value Entered
2017-05-10 17:35:54,526 -FacebookTest -INFO - SBSA logo clicked
2017-05-10 17:36:00,292 -FacebookTest -INFO - Hello value entered
2017-05-10 17:36:29,610 -FacebookTest -INFO - Browser Close
2017-05-10 18:48:30,945 -FacebookTest -INFO - Browser Started
2017-05-10 18:48:52,221 -FacebookTest -INFO - FaceBook Page is loaded
2017-05-10 18:48:54,366 -FacebookTest -INFO - USER NAME :markreevs0@gmail.com
2017-05-10 18:48:55,924 -FacebookTest -INFO - PASSWORD: P@ssw0rd2
2017-05-10 18:49:42,480 -FacebookTest -INFO - Login Button Clicked
2017-05-10 18:49:51,163 -FacebookTest -INFO - Chat Icon clicked
2017-05-10 18:50:18,059 -FacebookTest -INFO - View more chat details tab clicked
2017-05-10 18:50:26,939 -FacebookTest -INFO - SBSA South Africa value Entered
2017-05-10 18:50:30,940 -FacebookTest -INFO - SBSA logo clicked
2017-05-10 18:50:36,742 -FacebookTest -INFO - Hello value entered
2017-05-10 18:51:07,159 -FacebookTest -INFO - Browser Close
2017-05-10 18:57:34,869 -FacebookTest -INFO - Browser Started
2017-05-10 18:57:55,396 -FacebookTest -INFO - FaceBook Page is loaded
2017-05-10 18:57:57,086 -FacebookTest -INFO - USER NAME :markreevs0@gmail.com
2017-05-10 18:57:58,285 -FacebookTest -INFO - PASSWORD: P@ssw0rd2
2017-05-10 18:58:29,272 -FacebookTest -INFO - Login Button Clicked
2017-05-10 18:58:36,362 -FacebookTest -INFO - Chat Icon clicked
2017-05-10 18:58:41,593 -FacebookTest -INFO - View more chat details tab clicked
2017-05-10 18:59:03,805 -FacebookTest -INFO - SBSA South Africa value Entered
2017-05-10 18:59:11,245 -FacebookTest -INFO - SBSA logo clicked
2017-05-10 18:59:16,109 -FacebookTest -INFO - Hello value entered
2017-05-10 18:59:40,425 -FacebookTest -INFO - Browser Close
2017-05-10 19:04:45,066 -FacebookTest -INFO - Browser Started
2017-05-10 19:05:05,712 -FacebookTest -INFO - FaceBook Page is loaded
2017-05-10 19:05:07,692 -FacebookTest -INFO - USER NAME :markreevs0@gmail.com
2017-05-10 19:05:09,366 -FacebookTest -INFO - PASSWORD: P@ssw0rd2
2017-05-10 19:05:40,350 -FacebookTest -INFO - Login Button Clicked
2017-05-10 19:05:47,439 -FacebookTest -INFO - Chat Icon clicked
2017-05-10 19:06:10,190 -FacebookTest -INFO - View more chat details tab clicked
2017-05-10 19:06:13,172 -FacebookTest -INFO - SBSA South Africa value Entered
2017-05-10 19:06:16,971 -FacebookTest -INFO - SBSA logo clicked
2017-05-10 19:06:22,620 -FacebookTest -INFO - Hello value entered
2017-05-10 19:06:47,667 -FacebookTest -INFO - Browser Close
2017-05-10 19:10:58,558 -FacebookTest -INFO - Browser Started
2017-05-10 19:11:36,099 -FacebookTest -INFO - FaceBook Page is loaded
2017-05-10 19:11:41,906 -FacebookTest -INFO - USER NAME :markreevs0@gmail.com
2017-05-10 19:11:45,315 -FacebookTest -INFO - PASSWORD: P@ssw0rd2
2017-05-10 19:12:16,116 -FacebookTest -INFO - Login Button Clicked
2017-05-10 19:12:22,980 -FacebookTest -INFO - Chat Icon clicked
2017-05-10 19:12:27,812 -FacebookTest -INFO - View more chat details tab clicked
2017-05-10 19:12:46,130 -FacebookTest -INFO - SBSA South Africa value Entered
2017-05-10 19:12:54,399 -FacebookTest -INFO - SBSA logo clicked
2017-05-10 19:12:59,330 -FacebookTest -INFO - Hello value entered
2017-05-10 19:13:27,929 -FacebookTest -INFO - Browser Close
2017-05-10 19:25:28,238 -FacebookTest -INFO - Browser Started
2017-05-10 19:25:58,968 -FacebookTest -INFO - FaceBook Page is loaded
2017-05-10 19:26:03,449 -FacebookTest -INFO - USER NAME :markreevs0@gmail.com
2017-05-10 19:26:05,033 -FacebookTest -INFO - PASSWORD: P@ssw0rd2
2017-05-10 19:26:28,151 -FacebookTest -INFO - Login Button Clicked
2017-05-10 19:26:35,841 -FacebookTest -INFO - Chat Icon clicked
2017-05-10 19:26:47,661 -FacebookTest -INFO - View more chat details tab clicked
2017-05-10 19:27:04,695 -FacebookTest -INFO - SBSA South Africa value Entered
2017-05-10 19:27:08,671 -FacebookTest -INFO - SBSA logo clicked
2017-05-10 19:27:15,734 -FacebookTest -INFO - Hello value entered
2017-05-10 19:27:24,279 -FacebookTest -INFO - Browser Close
2017-05-10 19:35:00,500 -FacebookTest -INFO - Browser Started
2017-05-10 19:35:19,197 -FacebookTest -INFO - FaceBook Page is loaded
2017-05-10 19:35:21,098 -FacebookTest -INFO - USER NAME :markreevs0@gmail.com
2017-05-10 19:35:23,006 -FacebookTest -INFO - PASSWORD: P@ssw0rd2
2017-05-10 19:36:06,415 -FacebookTest -INFO - Login Button Clicked
2017-05-10 19:36:15,936 -FacebookTest -INFO - Chat Icon clicked
2017-05-10 19:36:47,874 -FacebookTest -INFO - View more chat details tab clicked
2017-05-10 19:36:50,976 -FacebookTest -INFO - SBSA South Africa value Entered
2017-05-10 19:37:00,589 -FacebookTest -INFO - SBSA logo clicked
2017-05-10 19:37:06,547 -FacebookTest -INFO - Hello value entered
2017-05-10 19:37:42,356 -FacebookTest -INFO - Browser Close
2017-05-17 16:22:18,478 -FacebookTest -INFO - Browser Started
2017-05-17 16:22:53,666 -FacebookTest -INFO - FaceBook Page is loaded
2017-05-17 16:22:57,068 -FacebookTest -INFO - USER NAME :markreevs0@gmail.com
2017-05-17 16:22:58,065 -FacebookTest -INFO - PASSWORD: P@ssw0rd2
2017-05-17 16:23:24,154 -FacebookTest -INFO - Login Button Clicked
2017-05-17 16:23:30,936 -FacebookTest -INFO - Chat Icon clicked
2017-05-17 16:23:41,188 -FacebookTest -INFO - View more chat details tab clicked
2017-05-17 16:23:48,751 -FacebookTest -INFO - SBSA South Africa value Entered
2017-05-17 16:23:52,617 -FacebookTest -INFO - SBSA logo clicked
2017-05-17 16:23:58,194 -FacebookTest -INFO - Hello value entered
2017-05-17 16:24:29,886 -FacebookTest -INFO - Browser Close
2017-05-17 18:40:38,734 -FacebookTest -INFO - Browser Started
2017-05-17 18:41:02,572 -FacebookTest -INFO - FaceBook Page is loaded
2017-05-17 18:41:04,549 -FacebookTest -INFO - USER NAME :markreevs0@gmail.com
2017-05-17 18:41:05,358 -FacebookTest -INFO - PASSWORD: P@ssw0rd2
2017-05-17 18:41:33,641 -FacebookTest -INFO - Login Button Clicked
2017-05-17 18:41:40,075 -FacebookTest -INFO - Chat Icon clicked
2017-05-17 18:41:49,335 -FacebookTest -INFO - View more chat details tab clicked
2017-05-17 18:42:05,161 -FacebookTest -INFO - SBSA South Africa value Entered
2017-05-17 18:42:08,965 -FacebookTest -INFO - SBSA logo clicked
2017-05-17 18:42:13,212 -FacebookTest -INFO - Hello value entered
2017-05-17 18:42:40,486 -FacebookTest -INFO - Browser Close
2017-05-17 18:51:51,138 -FacebookTest -INFO - Browser Started
2017-05-17 18:52:28,028 -FacebookTest -INFO - FaceBook Page is loaded
2017-05-17 18:52:29,313 -FacebookTest -INFO - USER NAME :markreevs0@gmail.com
2017-05-17 18:52:30,107 -FacebookTest -INFO - PASSWORD: P@ssw0rd2
2017-05-17 18:52:54,425 -FacebookTest -INFO - Login Button Clicked
2017-05-17 18:53:00,856 -FacebookTest -INFO - Chat Icon clicked
2017-05-17 18:53:04,865 -FacebookTest -INFO - View more chat details tab clicked
2017-05-17 18:53:11,807 -FacebookTest -INFO - SBSA South Africa value Entered
2017-05-17 18:53:16,181 -FacebookTest -INFO - SBSA logo clicked
2017-05-17 18:53:20,743 -FacebookTest -INFO - Hello value entered
2017-05-17 18:53:24,644 -FacebookTest -INFO - Send button clicked
2017-05-17 18:53:28,197 -FacebookTest -INFO - Logout dropdown button clicked
2017-05-17 18:53:38,355 -FacebookTest -INFO - Logout tab clicked
2017-05-17 18:53:40,733 -FacebookTest -INFO - Browser Close
2017-05-17 19:15:24,710 -FacebookTest -INFO - Browser Started
2017-05-17 19:15:44,262 -FacebookTest -INFO - FaceBook Page is loaded
2017-05-17 19:15:45,609 -FacebookTest -INFO - USER NAME :markreevs0@gmail.com
2017-05-17 19:15:46,456 -FacebookTest -INFO - PASSWORD: P@ssw0rd2
2017-05-17 19:16:28,119 -FacebookTest -INFO - Login Button Clicked
2017-05-17 19:16:35,353 -FacebookTest -INFO - Chat Icon clicked
2017-05-17 19:16:45,801 -FacebookTest -INFO - View more chat details tab clicked
2017-05-17 19:16:57,448 -FacebookTest -INFO - SBSA South Africa value Entered
2017-05-17 19:17:01,402 -FacebookTest -INFO - SBSA logo clicked
2017-05-17 19:17:06,214 -FacebookTest -INFO - Hello value entered
2017-05-17 19:17:10,026 -FacebookTest -INFO - Send button clicked
2017-05-17 19:17:13,510 -FacebookTest -INFO - Logout dropdown button clicked
2017-05-17 19:17:23,582 -FacebookTest -INFO - Logout tab clicked
2017-05-17 19:17:26,016 -FacebookTest -INFO - Browser Close
2017-05-17 19:20:11,845 -FacebookTest -INFO - Browser Started
2017-05-17 19:20:31,350 -FacebookTest -INFO - FaceBook Page is loaded
2017-05-17 19:20:32,537 -FacebookTest -INFO - USER NAME :markreevs0@gmail.com
2017-05-17 19:20:33,459 -FacebookTest -INFO - PASSWORD: P@ssw0rd2
2017-05-17 19:21:09,034 -FacebookTest -INFO - Login Button Clicked
2017-05-17 19:21:15,914 -FacebookTest -INFO - Chat Icon clicked
2017-05-17 19:21:33,029 -FacebookTest -INFO - View more chat details tab clicked
2017-05-17 19:21:36,190 -FacebookTest -INFO - SBSA South Africa value Entered
2017-05-17 19:21:40,220 -FacebookTest -INFO - SBSA logo clicked
2017-05-17 19:21:44,625 -FacebookTest -INFO - Hello value entered
2017-05-17 19:21:48,755 -FacebookTest -INFO - Send button clicked
2017-05-17 19:21:52,431 -FacebookTest -INFO - Logout dropdown button clicked
2017-05-17 19:22:04,737 -FacebookTest -INFO - Logout tab clicked
2017-05-17 19:22:07,522 -FacebookTest -INFO - Browser Close
2017-05-17 19:51:51,800 -FacebookTest -INFO - Browser Started
2017-05-17 19:52:13,554 -FacebookTest -INFO - FaceBook Page is loaded
2017-05-17 19:52:15,608 -FacebookTest -INFO - USER NAME :markreevs0@gmail.com
2017-05-17 19:52:16,984 -FacebookTest -INFO - PASSWORD: P@ssw0rd2
2017-05-17 19:52:49,271 -FacebookTest -INFO - Login Button Clicked
2017-05-17 19:52:55,703 -FacebookTest -INFO - Chat Icon clicked
2017-05-17 19:53:05,012 -FacebookTest -INFO - View more chat details tab clicked
2017-05-17 19:53:06,762 -FacebookTest -INFO - SBSA South Africa value Entered
2017-05-17 19:53:10,782 -FacebookTest -INFO - SBSA logo clicked
2017-05-17 19:53:14,845 -FacebookTest -INFO - Hello value entered
2017-05-17 19:53:18,690 -FacebookTest -INFO - Send button clicked
2017-05-17 19:53:22,165 -FacebookTest -INFO - Logout dropdown button clicked
2017-05-17 19:53:45,216 -FacebookTest -INFO - Browser Close
2017-05-17 19:57:01,948 -FacebookTest -INFO - Browser Started
2017-05-17 19:57:22,412 -FacebookTest -INFO - FaceBook Page is loaded
2017-05-17 19:57:23,484 -FacebookTest -INFO - USER NAME :markreevs0@gmail.com
2017-05-17 19:57:24,295 -FacebookTest -INFO - PASSWORD: P@ssw0rd2
2017-05-17 19:58:00,474 -FacebookTest -INFO - Login Button Clicked
2017-05-17 19:58:07,210 -FacebookTest -INFO - Chat Icon clicked
2017-05-17 19:58:11,383 -FacebookTest -INFO - View more chat details tab clicked
2017-05-17 19:58:22,473 -FacebookTest -INFO - SBSA South Africa value Entered
2017-05-17 19:58:26,668 -FacebookTest -INFO - SBSA logo clicked
2017-05-17 19:58:30,759 -FacebookTest -INFO - Hello value entered
2017-05-17 19:58:34,927 -FacebookTest -INFO - Send button clicked
2017-05-17 19:58:38,724 -FacebookTest -INFO - Logout dropdown button clicked
2017-05-17 19:58:49,775 -FacebookTest -INFO - Logout tab clicked
2017-05-17 19:58:52,000 -FacebookTest -INFO - Browser Close
2017-05-17 19:58:58,335 -Utils -INFO - Wait for page to load.......
2017-05-17 19:58:58,348 -Utils -INFO - Page is loaded
2017-05-17 19:59:29,807 -Utils -INFO - LOGIN TEST : Started
2017-05-17 19:59:31,253 -Utils -INFO - USERNAME: AnitaTest1
2017-05-17 19:59:31,486 -Utils -INFO - Waiting for 5 seconds........
2017-05-17 19:59:36,970 -Utils -INFO - PASSWORD:Torsa123
2017-05-17 19:59:37,687 -Utils -INFO - Waiting for 5 seconds........
2017-05-17 19:59:43,291 -Utils -INFO - SIGNIN : CLICKED

2017-05-17 19:59:52,836 -Utils -INFO - Waiting for 5 seconds........
2017-05-17 19:59:58,509 -Utils -INFO - LOGIN TEST : End
2017-05-17 19:59:58,632 -Utils -INFO - UNCLAIMED TAB TEST : Started
2017-05-17 19:59:58,995 -Utils -INFO - Unclaimed Tab: Clicked 
2017-05-17 19:59:58,996 -Utils -INFO - Waiting for 5 seconds........
2017-05-17 20:00:04,637 -Utils -INFO - Waiting for 5 seconds........
2017-05-17 20:00:10,062 -Utils -INFO - Unclaimed count: 1
2017-05-17 20:00:11,448 -Utils -INFO - CHATS TAB TEST: Started

2017-05-17 20:00:41,947 -Utils -INFO - CLAIMED COUNT: 0
2017-05-17 20:00:42,204 -Utils -INFO - CHATS TAB TEST: End
2017-05-17 20:00:42,347 -Utils -INFO - SIGNOUT TEST : Started
2017-05-17 20:00:42,347 -Utils -INFO - Waiting for 5 seconds........
2017-05-17 20:00:47,658 -Utils -INFO - Waiting for 10 seconds........
2017-05-17 20:00:57,864 -Utils -INFO - PROFILE TAB: Icon Clicked
2017-05-17 20:00:58,026 -Utils -INFO - Waiting for 10 seconds........
2017-05-17 20:01:08,299 -Utils -INFO - SIGN OUT: Clicked
2017-05-17 20:01:08,300 -Utils -INFO - Waiting for 5 seconds........
2017-05-17 20:01:13,532 -Utils -INFO - Waiting for 10 seconds........
2017-05-17 20:01:24,001 -Utils -INFO - DIALOG YES OR NO: Yes clicked
2017-05-17 20:01:24,001 -Utils -INFO - Logout : Logged Out Successfully....
2017-05-17 20:01:24,566 -Utils -INFO - SIGNOUT TEST : End
2017-05-24 00:22:42,921 -FacebookTest -INFO - Browser Started
2017-05-24 00:22:53,805 -FacebookTest -INFO - FaceBook Page is loaded
2017-05-24 00:22:55,399 -FacebookTest -INFO - USER NAME :markreevs0@gmail.com
2017-05-24 00:22:56,137 -FacebookTest -INFO - PASSWORD: P@ssw0rd2
2017-05-24 00:23:13,752 -FacebookTest -INFO - Login Button Clicked
2017-05-24 00:23:20,068 -FacebookTest -INFO - Chat Icon clicked
2017-05-24 00:23:23,922 -FacebookTest -INFO - View more chat details tab clicked
2017-05-24 00:23:34,541 -FacebookTest -INFO - SBSA South Africa value Entered
2017-05-24 00:23:38,520 -FacebookTest -INFO - SBSA logo clicked
2017-05-24 00:23:42,472 -FacebookTest -INFO - Hello value entered
2017-05-24 00:23:46,109 -FacebookTest -INFO - Send button clicked
2017-05-24 00:23:49,511 -FacebookTest -INFO - Logout dropdown button clicked
2017-05-24 00:23:55,205 -FacebookTest -INFO - Logout tab clicked
2017-05-24 00:24:07,083 -FacebookTest -INFO - Browser Close
2017-05-24 00:24:21,955 -Utils -INFO - Wait for page to load.......
2017-05-24 00:24:21,962 -Utils -INFO - Page is loaded
2017-05-24 00:24:43,875 -Utils -INFO - LOGIN TEST : Started
2017-05-24 00:24:45,008 -Utils -INFO - USERNAME: AnitaTest1
2017-05-24 00:24:45,330 -Utils -INFO - Waiting for 5 seconds........
2017-05-24 00:24:50,856 -Utils -INFO - PASSWORD:Torsa123
2017-05-24 00:24:50,988 -Utils -INFO - Waiting for 5 seconds........
2017-05-24 00:24:56,349 -Utils -INFO - SIGNIN : CLICKED

2017-05-24 00:25:01,454 -Utils -INFO - Waiting for 5 seconds........
2017-05-24 00:25:08,782 -Utils -INFO - LOGIN TEST : End
2017-05-24 00:25:09,035 -Utils -INFO - UNCLAIMED TAB TEST : Started
2017-05-24 00:25:09,325 -Utils -INFO - Unclaimed Tab: Clicked 
2017-05-24 00:25:09,326 -Utils -INFO - Waiting for 5 seconds........
2017-05-24 00:25:14,614 -Utils -INFO - Waiting for 5 seconds........
2017-05-24 00:25:19,864 -Utils -INFO - Unclaimed count: 1
2017-05-24 00:25:19,993 -Utils -INFO - Waiting for 5 seconds........
2017-05-24 00:25:25,139 -Utils -INFO - Waiting for 5 seconds........
2017-05-24 00:25:30,227 -Utils -INFO - CLAIM THIS QUERY ICON : Clicked
2017-05-24 00:25:30,377 -Utils -INFO - UNCLAIMED TAB TEST : End
2017-05-24 00:25:30,421 -Utils -INFO - CHATS TAB TEST: Started

2017-05-24 00:25:33,181 -Utils -INFO - CLAIMED COUNT: 1
2017-05-24 00:25:33,621 -Utils -INFO - Waiting for 5 seconds........
2017-05-24 00:25:38,898 -Utils -INFO - Waiting for 5 seconds........
2017-05-24 00:25:44,091 -Utils -INFO - DIALOG YES OR NO: Yes clicked
2017-05-24 00:25:44,306 -Utils -INFO - CHATS TAB TEST: End
2017-05-24 00:25:44,456 -Utils -INFO - SIGNOUT TEST : Started
2017-05-24 00:25:44,456 -Utils -INFO - Waiting for 5 seconds........
2017-05-24 00:25:49,639 -Utils -INFO - Waiting for 10 seconds........
2017-05-24 00:25:59,760 -Utils -INFO - PROFILE TAB: Icon Clicked
2017-05-24 00:25:59,844 -Utils -INFO - Waiting for 10 seconds........
2017-05-24 00:26:10,006 -Utils -INFO - SIGN OUT: Clicked
2017-05-24 00:26:10,007 -Utils -INFO - Waiting for 5 seconds........
2017-05-24 00:26:15,171 -Utils -INFO - Waiting for 10 seconds........
2017-05-24 00:26:27,719 -Utils -INFO - DIALOG YES OR NO: Yes clicked
2017-05-24 00:26:27,720 -Utils -INFO - Logout : Logged Out Successfully....
2017-05-24 00:26:27,858 -Utils -INFO - SIGNOUT TEST : End
2017-05-24 03:07:54,620 -FacebookTest -INFO - Browser Started
2017-05-24 03:07:58,296 -FacebookTest -INFO - FaceBook Page is loaded
2017-05-24 03:07:59,430 -FacebookTest -INFO - USER NAME :markreevs0@gmail.com
2017-05-24 03:07:59,953 -FacebookTest -INFO - PASSWORD: P@ssw0rd2
2017-05-24 03:08:13,410 -FacebookTest -INFO - Login Button Clicked
2017-05-24 03:08:19,744 -FacebookTest -INFO - Chat Icon clicked
2017-05-24 03:08:23,644 -FacebookTest -INFO - View more chat details tab clicked
2017-05-24 03:08:26,952 -FacebookTest -INFO - SBSA South Africa value Entered
2017-05-24 03:08:30,867 -FacebookTest -INFO - SBSA logo clicked
2017-05-24 03:08:34,685 -FacebookTest -INFO - Hello value entered
2017-05-24 03:08:38,616 -FacebookTest -INFO - Send button clicked
2017-05-24 03:08:42,045 -FacebookTest -INFO - Logout dropdown button clicked
2017-05-24 03:08:47,848 -FacebookTest -INFO - Logout tab clicked
2017-05-24 03:08:52,444 -FacebookTest -INFO - Browser Close
2017-05-24 03:09:03,720 -Utils -INFO - Wait for page to load.......
2017-05-24 03:09:03,741 -Utils -INFO - Page is loaded
2017-05-24 03:09:21,589 -Utils -INFO - LOGIN TEST : Started
2017-05-24 03:09:22,204 -Utils -INFO - USERNAME: AnitaTest1
2017-05-24 03:09:22,377 -Utils -INFO - Waiting for 5 seconds........
2017-05-24 03:09:27,830 -Utils -INFO - PASSWORD:Torsa123
2017-05-24 03:09:27,960 -Utils -INFO - Waiting for 5 seconds........
2017-05-24 03:09:33,317 -Utils -INFO - SIGNIN : CLICKED

2017-05-24 03:09:33,934 -Utils -INFO - Waiting for 5 seconds........
2017-05-24 03:09:38,991 -Utils -INFO - LOGIN TEST : End
2017-05-24 03:09:39,037 -Utils -INFO - UNCLAIMED TAB TEST : Started
2017-05-24 03:09:39,197 -Utils -INFO - Unclaimed Tab: Clicked 
2017-05-24 03:09:39,197 -Utils -INFO - Waiting for 5 seconds........
2017-05-24 03:09:44,409 -Utils -INFO - Waiting for 5 seconds........
2017-05-24 03:09:49,649 -Utils -INFO - Unclaimed count: 1
2017-05-24 03:09:49,751 -Utils -INFO - Waiting for 5 seconds........
2017-05-24 03:09:54,963 -Utils -INFO - Waiting for 5 seconds........
2017-05-24 03:10:00,011 -Utils -INFO - CLAIM THIS QUERY ICON : Clicked
2017-05-24 03:10:00,199 -Utils -INFO - UNCLAIMED TAB TEST : End
2017-05-24 03:10:00,242 -Utils -INFO - CHATS TAB TEST: Started

2017-05-24 03:10:02,875 -Utils -INFO - CLAIMED COUNT: 1
2017-05-24 03:10:03,676 -Utils -INFO - Waiting for 5 seconds........
2017-05-24 03:10:08,875 -Utils -INFO - Waiting for 5 seconds........
2017-05-24 03:10:14,170 -Utils -INFO - DIALOG YES OR NO: Yes clicked
2017-05-24 03:10:14,401 -Utils -INFO - CHATS TAB TEST: End
2017-05-24 03:10:14,447 -Utils -INFO - SIGNOUT TEST : Started
2017-05-24 03:10:14,447 -Utils -INFO - Waiting for 5 seconds........
2017-05-24 03:10:19,657 -Utils -INFO - Waiting for 10 seconds........
2017-05-24 03:10:29,780 -Utils -INFO - PROFILE TAB: Icon Clicked
2017-05-24 03:10:29,873 -Utils -INFO - Waiting for 10 seconds........
2017-05-24 03:10:40,015 -Utils -INFO - SIGN OUT: Clicked
2017-05-24 03:10:40,015 -Utils -INFO - Waiting for 5 seconds........
2017-05-24 03:10:45,129 -Utils -INFO - Waiting for 10 seconds........
2017-05-24 03:10:57,758 -Utils -INFO - DIALOG YES OR NO: Yes clicked
2017-05-24 03:10:57,758 -Utils -INFO - Logout : Logged Out Successfully....
2017-05-24 03:10:58,246 -Utils -INFO - SIGNOUT TEST : End
2017-05-24 03:37:29,379 -FacebookTest -INFO - Browser Started
2017-05-24 03:37:35,015 -FacebookTest -INFO - FaceBook Page is loaded
2017-05-24 03:37:35,732 -FacebookTest -INFO - USER NAME :markreevs0@gmail.com
2017-05-24 03:37:36,140 -FacebookTest -INFO - PASSWORD: P@ssw0rd2
2017-05-24 03:37:43,653 -FacebookTest -INFO - Login Button Clicked
2017-05-24 03:37:49,958 -FacebookTest -INFO - Chat Icon clicked
2017-05-24 03:37:57,999 -FacebookTest -INFO - View more chat details tab clicked
2017-05-24 03:37:59,194 -FacebookTest -INFO - SBSA South Africa value Entered
2017-05-24 03:38:03,102 -FacebookTest -INFO - SBSA logo clicked
2017-05-24 03:38:06,818 -FacebookTest -INFO - Hello value entered
2017-05-24 03:38:10,466 -FacebookTest -INFO - Send button clicked
2017-05-24 03:38:13,858 -FacebookTest -INFO - Logout dropdown button clicked
2017-05-24 03:38:19,552 -FacebookTest -INFO - Logout tab clicked
2017-05-24 03:38:24,536 -FacebookTest -INFO - Browser Close
2017-05-24 03:38:34,403 -Utils -INFO - Wait for page to load.......
2017-05-24 03:38:34,420 -Utils -INFO - Page is loaded
2017-05-24 03:38:50,806 -Utils -INFO - LOGIN TEST : Started
2017-05-24 03:38:51,322 -Utils -INFO - USERNAME: AnitaTest1
2017-05-24 03:38:51,507 -Utils -INFO - Waiting for 5 seconds........
2017-05-24 03:38:57,059 -Utils -INFO - PASSWORD:Torsa123
2017-05-24 03:38:57,205 -Utils -INFO - Waiting for 5 seconds........
2017-05-24 03:39:02,545 -Utils -INFO - SIGNIN : CLICKED

2017-05-24 03:39:03,506 -Utils -INFO - Waiting for 5 seconds........
2017-05-24 03:39:08,573 -Utils -INFO - LOGIN TEST : End
2017-05-24 03:39:08,634 -Utils -INFO - UNCLAIMED TAB TEST : Started
2017-05-24 03:39:08,756 -Utils -INFO - Unclaimed Tab: Clicked 
2017-05-24 03:39:08,758 -Utils -INFO - Waiting for 5 seconds........
2017-05-24 03:39:14,037 -Utils -INFO - Waiting for 5 seconds........
2017-05-24 03:39:19,270 -Utils -INFO - Unclaimed count: 1
2017-05-24 03:39:19,362 -Utils -INFO - Waiting for 5 seconds........
2017-05-24 03:39:24,491 -Utils -INFO - Waiting for 5 seconds........
2017-05-24 03:39:29,556 -Utils -INFO - CLAIM THIS QUERY ICON : Clicked
2017-05-24 03:39:29,756 -Utils -INFO - UNCLAIMED TAB TEST : End
2017-05-24 03:39:29,793 -Utils -INFO - CHATS TAB TEST: Started

2017-05-24 03:39:33,442 -Utils -INFO - CLAIMED COUNT: 1
2017-05-24 03:39:33,986 -Utils -INFO - Waiting for 5 seconds........
2017-05-24 03:39:39,263 -Utils -INFO - Waiting for 5 seconds........
2017-05-24 03:39:44,440 -Utils -INFO - DIALOG YES OR NO: Yes clicked
2017-05-24 03:39:44,676 -Utils -INFO - CHATS TAB TEST: End
2017-05-24 03:39:44,741 -Utils -INFO - SIGNOUT TEST : Started
2017-05-24 03:39:44,743 -Utils -INFO - Waiting for 5 seconds........
2017-05-24 03:39:49,993 -Utils -INFO - Waiting for 10 seconds........
2017-05-24 03:40:00,132 -Utils -INFO - PROFILE TAB: Icon Clicked
2017-05-24 03:40:00,232 -Utils -INFO - Waiting for 10 seconds........
2017-05-24 03:40:10,416 -Utils -INFO - SIGN OUT: Clicked
2017-05-24 03:40:10,418 -Utils -INFO - Waiting for 5 seconds........
2017-05-24 03:40:15,477 -Utils -INFO - Waiting for 10 seconds........
2017-05-24 03:40:27,972 -Utils -INFO - DIALOG YES OR NO: Yes clicked
2017-05-24 03:40:27,973 -Utils -INFO - Logout : Logged Out Successfully....
2017-05-24 03:40:28,375 -Utils -INFO - SIGNOUT TEST : End
2017-05-24 03:41:17,194 -FacebookTest -INFO - Browser Started
2017-05-24 03:41:21,562 -FacebookTest -INFO - FaceBook Page is loaded
2017-05-24 03:41:23,707 -FacebookTest -INFO - Browser Close
2017-05-24 03:41:28,275 -Utils -INFO - Wait for page to load.......
2017-05-24 03:41:28,278 -Utils -INFO - Page is loaded
2017-05-24 03:41:30,057 -Utils -INFO - LOGIN TEST : Started
2017-05-24 03:41:30,159 -Utils -INFO - UNCLAIMED TAB TEST : Started
2017-05-24 03:41:30,259 -Utils -INFO - CHATS TAB TEST: Started

2017-05-24 03:41:30,350 -Utils -INFO - SIGNOUT TEST : Started
2017-05-24 03:41:30,350 -Utils -INFO - Waiting for 5 seconds........
2017-05-24 03:44:20,569 -FacebookTest -INFO - Browser Started
2017-05-24 03:44:30,031 -FacebookTest -INFO - FaceBook Page is loaded
2017-05-24 03:44:30,713 -FacebookTest -INFO - USER NAME :markreevs0@gmail.com
2017-05-24 03:44:31,187 -FacebookTest -INFO - PASSWORD: P@ssw0rd2
2017-05-24 03:44:39,772 -FacebookTest -INFO - Login Button Clicked
2017-05-24 03:44:46,053 -FacebookTest -INFO - Chat Icon clicked
2017-05-24 03:44:55,953 -FacebookTest -INFO - View more chat details tab clicked
2017-05-24 03:44:57,764 -FacebookTest -INFO - SBSA South Africa value Entered
2017-05-24 03:45:02,350 -FacebookTest -INFO - SBSA logo clicked
2017-05-24 03:45:05,965 -FacebookTest -INFO - Hello value entered
2017-05-24 03:45:10,191 -FacebookTest -INFO - Send button clicked
2017-05-24 03:45:13,629 -FacebookTest -INFO - Logout dropdown button clicked
2017-05-24 03:45:19,087 -FacebookTest -INFO - Logout tab clicked
2017-05-24 03:45:22,388 -FacebookTest -INFO - Browser Close
2017-05-24 03:45:33,349 -Utils -INFO - Wait for page to load.......
2017-05-24 03:45:33,359 -Utils -INFO - Page is loaded
2017-05-24 03:45:48,377 -Utils -INFO - LOGIN TEST : Started
2017-05-24 03:45:48,939 -Utils -INFO - USERNAME: AnitaTest1
2017-05-24 03:45:49,119 -Utils -INFO - Waiting for 5 seconds........
2017-05-24 03:45:54,649 -Utils -INFO - PASSWORD:Torsa123
2017-05-24 03:45:54,819 -Utils -INFO - Waiting for 5 seconds........
2017-05-24 03:46:00,185 -Utils -INFO - SIGNIN : CLICKED

2017-05-24 03:46:02,021 -Utils -INFO - Waiting for 5 seconds........
2017-05-24 03:46:09,125 -Utils -INFO - LOGIN TEST : End
2017-05-24 03:46:09,207 -Utils -INFO - UNCLAIMED TAB TEST : Started
2017-05-24 03:46:09,382 -Utils -INFO - Unclaimed Tab: Clicked 
2017-05-24 03:46:09,383 -Utils -INFO - Waiting for 5 seconds........
2017-05-24 03:46:14,871 -Utils -INFO - Waiting for 5 seconds........
2017-05-24 03:46:20,116 -Utils -INFO - Unclaimed count: 1
2017-05-24 03:46:20,233 -Utils -INFO - Waiting for 5 seconds........
2017-05-24 03:46:25,364 -Utils -INFO - Waiting for 5 seconds........
2017-05-24 03:46:30,422 -Utils -INFO - CLAIM THIS QUERY ICON : Clicked
2017-05-24 03:46:30,589 -Utils -INFO - UNCLAIMED TAB TEST : End
2017-05-24 03:46:30,650 -Utils -INFO - CHATS TAB TEST: Started

2017-05-24 03:46:33,846 -Utils -INFO - CLAIMED COUNT: 1
2017-05-24 03:46:34,257 -Utils -INFO - Waiting for 5 seconds........
2017-05-24 03:46:39,539 -Utils -INFO - Waiting for 5 seconds........
2017-05-24 03:46:44,710 -Utils -INFO - DIALOG YES OR NO: Yes clicked
2017-05-24 03:46:44,901 -Utils -INFO - CHATS TAB TEST: End
2017-05-24 03:46:44,985 -Utils -INFO - SIGNOUT TEST : Started
2017-05-24 03:46:44,985 -Utils -INFO - Waiting for 5 seconds........
2017-05-24 03:46:50,179 -Utils -INFO - Waiting for 10 seconds........
2017-05-24 03:47:00,317 -Utils -INFO - PROFILE TAB: Icon Clicked
2017-05-24 03:47:00,409 -Utils -INFO - Waiting for 10 seconds........
2017-05-24 03:47:10,552 -Utils -INFO - SIGN OUT: Clicked
2017-05-24 03:47:10,554 -Utils -INFO - Waiting for 5 seconds........
2017-05-24 03:47:15,648 -Utils -INFO - Waiting for 10 seconds........
2017-05-24 03:47:26,711 -Utils -INFO - DIALOG YES OR NO: Yes clicked
2017-05-24 03:47:26,712 -Utils -INFO - Logout : Logged Out Successfully....
2017-05-24 03:47:27,128 -Utils -INFO - SIGNOUT TEST : End
2017-05-31 13:39:43,922 -FacebookTest -INFO - Browser Started
2017-05-31 13:39:53,929 -FacebookTest -INFO - FaceBook Page is loaded
2017-05-31 13:39:55,910 -FacebookTest -INFO - USER NAME :markreevs0@gmail.com
2017-05-31 13:39:56,701 -FacebookTest -INFO - PASSWORD: P@ssw0rd2
2017-05-31 13:40:07,814 -FacebookTest -INFO - Login Button Clicked
2017-05-31 13:40:14,287 -FacebookTest -INFO - Chat Icon clicked
2017-05-31 13:40:18,372 -FacebookTest -INFO - View more chat details tab clicked
2017-05-31 13:40:24,742 -FacebookTest -INFO - SBSA South Africa value Entered
2017-05-31 13:40:28,624 -FacebookTest -INFO - SBSA logo clicked
2017-05-31 13:40:32,531 -FacebookTest -INFO - Hello value entered
2017-05-31 13:40:36,367 -FacebookTest -INFO - Send button clicked
2017-05-31 13:40:39,911 -FacebookTest -INFO - Logout dropdown button clicked
2017-05-31 13:40:45,562 -FacebookTest -INFO - Logout tab clicked
2017-05-31 13:40:54,385 -FacebookTest -INFO - Browser Close
2017-05-31 13:41:03,211 -Utils -INFO - Wait for page to load.......
2017-05-31 13:41:03,214 -Utils -INFO - Page is loaded
2017-05-31 13:41:21,207 -Utils -INFO - LOGIN TEST : Started
2017-05-31 13:41:21,310 -Utils -INFO - USERNAME: AnitaTest1
2017-05-31 13:41:21,550 -Utils -INFO - Waiting for 5 seconds........
2017-05-31 13:41:27,040 -Utils -INFO - PASSWORD:Torsa123
2017-05-31 13:41:27,239 -Utils -INFO - Waiting for 5 seconds........
2017-05-31 13:41:32,736 -Utils -INFO - SIGNIN : CLICKED

2017-05-31 13:41:33,853 -Utils -INFO - Waiting for 5 seconds........
2017-05-31 13:41:38,956 -Utils -INFO - LOGIN TEST : End
2017-05-31 13:41:39,008 -Utils -INFO - UNCLAIMED TAB TEST : Started
2017-05-31 13:41:39,248 -Utils -INFO - Unclaimed Tab: Clicked 
2017-05-31 13:41:39,250 -Utils -INFO - Waiting for 5 seconds........
2017-05-31 13:41:44,605 -Utils -INFO - Waiting for 5 seconds........
2017-05-31 13:41:49,943 -Utils -INFO - Unclaimed count: 2
2017-05-31 13:41:50,089 -Utils -INFO - Waiting for 5 seconds........
2017-05-31 13:41:55,281 -Utils -INFO - Waiting for 5 seconds........
2017-05-31 13:42:00,398 -Utils -INFO - CLAIM THIS QUERY ICON : Clicked
2017-05-31 13:42:00,974 -Utils -INFO - Waiting for 5 seconds........
2017-05-31 13:42:06,178 -Utils -INFO - Waiting for 5 seconds........
2017-05-31 13:42:11,259 -Utils -INFO - CLAIM THIS QUERY ICON : Clicked
2017-05-31 13:42:11,548 -Utils -INFO - UNCLAIMED TAB TEST : End
2017-05-31 13:42:11,625 -Utils -INFO - CHATS TAB TEST: Started

2017-05-31 13:42:12,113 -Utils -INFO - CLAIMED COUNT: 1
2017-05-31 13:42:12,799 -Utils -INFO - Waiting for 5 seconds........
2017-05-31 13:42:17,909 -Utils -INFO - SIGNOUT TEST : Started
2017-05-31 13:42:17,909 -Utils -INFO - Waiting for 5 seconds........
2017-05-31 14:19:18,270 -FacebookTest -INFO - Browser Started
2017-05-31 14:19:26,906 -FacebookTest -INFO - FaceBook Page is loaded
2017-05-31 14:19:28,415 -FacebookTest -INFO - USER NAME :markreevs0@gmail.com
2017-05-31 14:19:29,152 -FacebookTest -INFO - PASSWORD: P@ssw0rd2
2017-05-31 14:19:43,820 -FacebookTest -INFO - Login Button Clicked
2017-05-31 14:19:50,271 -FacebookTest -INFO - Chat Icon clicked
2017-05-31 14:19:54,368 -FacebookTest -INFO - View more chat details tab clicked
2017-05-31 14:20:06,914 -FacebookTest -INFO - SBSA South Africa value Entered
2017-05-31 14:20:10,537 -FacebookTest -INFO - SBSA logo clicked
2017-05-31 14:20:15,018 -FacebookTest -INFO - Hello value entered
2017-05-31 14:20:19,094 -FacebookTest -INFO - Send button clicked
2017-05-31 14:20:22,686 -FacebookTest -INFO - Logout dropdown button clicked
2017-05-31 14:20:28,791 -FacebookTest -INFO - Logout tab clicked
2017-05-31 14:20:34,489 -FacebookTest -INFO - Browser Close
2017-05-31 14:20:45,323 -Utils -INFO - Wait for page to load.......
2017-05-31 14:20:45,345 -Utils -INFO - Page is loaded
2017-05-31 14:21:02,100 -Utils -INFO - LOGIN TEST : Started
2017-05-31 14:21:02,583 -Utils -INFO - USERNAME: AnitaTest1
2017-05-31 14:21:02,948 -Utils -INFO - Waiting for 5 seconds........
2017-05-31 14:21:09,022 -Utils -INFO - PASSWORD:Torsa123
2017-05-31 14:21:09,331 -Utils -INFO - Waiting for 5 seconds........
2017-05-31 14:21:14,936 -Utils -INFO - SIGNIN : CLICKED

2017-05-31 14:21:17,344 -Utils -INFO - Waiting for 5 seconds........
2017-05-31 14:21:22,496 -Utils -INFO - LOGIN TEST : End
2017-05-31 14:21:22,603 -Utils -INFO - UNCLAIMED TAB TEST : Started
2017-05-31 14:21:22,917 -Utils -INFO - Unclaimed Tab: Clicked 
2017-05-31 14:21:22,917 -Utils -INFO - Waiting for 5 seconds........
2017-05-31 14:21:28,501 -Utils -INFO - Waiting for 5 seconds........
2017-05-31 14:21:34,132 -Utils -INFO - Unclaimed count: 1
2017-05-31 14:21:34,480 -Utils -INFO - Waiting for 5 seconds........
2017-05-31 14:21:39,787 -Utils -INFO - Waiting for 5 seconds........
2017-05-31 14:21:44,870 -Utils -INFO - CLAIM THIS QUERY ICON : Clicked
2017-05-31 14:21:45,206 -Utils -INFO - UNCLAIMED TAB TEST : End
2017-05-31 14:21:45,282 -Utils -INFO - CHATS TAB TEST: Started

2017-05-31 14:21:45,881 -Utils -INFO - CLAIMED COUNT: 1
2017-05-31 14:21:46,747 -Utils -INFO - Waiting for 5 seconds........
2017-05-31 14:21:52,262 -Utils -INFO - Waiting for 5 seconds........
2017-05-31 14:21:57,541 -Utils -INFO - DIALOG YES OR NO: Yes clicked
2017-05-31 14:21:57,890 -Utils -INFO - CHATS TAB TEST: End
2017-05-31 14:21:57,948 -Utils -INFO - SIGNOUT TEST : Started
2017-05-31 14:21:57,948 -Utils -INFO - Waiting for 5 seconds........
2017-05-31 14:22:03,214 -Utils -INFO - Waiting for 10 seconds........
2017-05-31 14:22:13,431 -Utils -INFO - PROFILE TAB: Icon Clicked
2017-05-31 14:22:13,860 -Utils -INFO - Waiting for 10 seconds........
2017-05-31 14:22:23,872 -Utils -INFO - SIGN OUT: Clicked
2017-05-31 14:22:23,873 -Utils -INFO - Waiting for 5 seconds........
2017-05-31 14:40:32,601 -Utils -INFO - Wait for page to load.......
2017-05-31 14:40:32,696 -Utils -INFO - Page is loaded
2017-05-31 14:40:46,208 -Utils -INFO - LOGIN TEST : Started
2017-05-31 14:40:46,571 -Utils -INFO - USERNAME: AnitaTest1
2017-05-31 14:40:46,826 -Utils -INFO - Waiting for 5 seconds........
2017-05-31 14:40:52,399 -Utils -INFO - PASSWORD:Torsa123
2017-05-31 14:40:52,730 -Utils -INFO - Waiting for 5 seconds........
2017-05-31 14:40:58,181 -Utils -INFO - SIGNIN : CLICKED

2017-05-31 14:40:59,191 -Utils -INFO - Waiting for 5 seconds........
2017-05-31 14:41:04,553 -Utils -INFO - LOGIN TEST : End
2017-05-31 14:41:04,683 -Utils -INFO - UNCLAIMED TAB TEST : Started
2017-05-31 14:41:05,198 -Utils -INFO - Unclaimed Tab: Clicked 
2017-05-31 14:41:05,199 -Utils -INFO - Waiting for 5 seconds........
2017-05-31 14:41:10,534 -Utils -INFO - Waiting for 5 seconds........
2017-05-31 14:41:45,815 -Utils -INFO - Unclaimed count: 0
2017-05-31 14:41:45,826 -Utils -INFO - UNCLAIMED TAB TEST : End
2017-05-31 14:41:45,884 -Utils -INFO - CHATS TAB TEST: Started

2017-05-31 14:41:54,571 -Utils -INFO - SIGNOUT TEST : Started
2017-05-31 14:41:54,571 -Utils -INFO - Waiting for 5 seconds........
2017-05-31 14:45:26,661 -FacebookTest -INFO - Browser Started
2017-05-31 14:45:37,419 -FacebookTest -INFO - FaceBook Page is loaded
2017-05-31 14:45:38,932 -FacebookTest -INFO - USER NAME :markreevs0@gmail.com
2017-05-31 14:45:39,584 -FacebookTest -INFO - PASSWORD: P@ssw0rd2
2017-05-31 14:45:53,609 -FacebookTest -INFO - Login Button Clicked
2017-05-31 14:46:00,433 -FacebookTest -INFO - Chat Icon clicked
2017-05-31 14:46:05,127 -FacebookTest -INFO - View more chat details tab clicked
2017-05-31 14:46:13,007 -FacebookTest -INFO - SBSA South Africa value Entered
2017-05-31 14:46:17,000 -FacebookTest -INFO - SBSA logo clicked
2017-05-31 14:46:20,960 -FacebookTest -INFO - Hello value entered
2017-05-31 14:46:24,951 -FacebookTest -INFO - Send button clicked
2017-05-31 14:46:28,580 -FacebookTest -INFO - Logout dropdown button clicked
2017-05-31 14:46:34,234 -FacebookTest -INFO - Logout tab clicked
2017-05-31 14:46:42,893 -FacebookTest -INFO - Browser Close
2017-05-31 14:46:54,075 -Utils -INFO - Wait for page to load.......
2017-05-31 14:46:54,085 -Utils -INFO - Page is loaded
2017-05-31 14:47:06,532 -Utils -INFO - LOGIN TEST : Started
2017-05-31 14:47:07,814 -Utils -INFO - USERNAME: AnitaTest1
2017-05-31 14:47:08,114 -Utils -INFO - Waiting for 5 seconds........
2017-05-31 14:47:13,717 -Utils -INFO - PASSWORD:Torsa123
2017-05-31 14:47:13,890 -Utils -INFO - Waiting for 5 seconds........
2017-05-31 14:47:19,357 -Utils -INFO - SIGNIN : CLICKED

2017-05-31 14:47:21,207 -Utils -INFO - Waiting for 5 seconds........
2017-05-31 14:47:26,342 -Utils -INFO - LOGIN TEST : End
2017-05-31 14:47:26,418 -Utils -INFO - UNCLAIMED TAB TEST : Started
2017-05-31 14:47:26,650 -Utils -INFO - Unclaimed Tab: Clicked 
2017-05-31 14:47:26,651 -Utils -INFO - Waiting for 5 seconds........
2017-05-31 14:47:31,951 -Utils -INFO - Waiting for 5 seconds........
2017-05-31 14:47:37,600 -Utils -INFO - Unclaimed count: 1
2017-05-31 14:47:37,876 -Utils -INFO - Waiting for 5 seconds........
2017-05-31 14:47:43,292 -Utils -INFO - Waiting for 5 seconds........
2017-05-31 14:47:48,374 -Utils -INFO - CLAIM THIS QUERY ICON : Clicked
2017-05-31 14:47:48,641 -Utils -INFO - UNCLAIMED TAB TEST : End
2017-05-31 14:47:48,761 -Utils -INFO - CHATS TAB TEST: Started

2017-05-31 14:47:51,690 -Utils -INFO - CLAIMED COUNT: 1
2017-05-31 14:47:51,754 -Utils -INFO - Waiting for 5 seconds........
2017-05-31 14:47:57,614 -Utils -INFO - Waiting for 5 seconds........
2017-05-31 14:48:03,174 -Utils -INFO - Waiting for 5 seconds........
2017-05-31 14:48:08,703 -Utils -INFO - Waiting for 5 seconds........
2017-05-31 14:48:13,991 -Utils -INFO - Waiting for 5 seconds........
2017-05-31 14:48:19,274 -Utils -INFO - DIALOG YES OR NO: Yes clicked
2017-05-31 14:48:19,510 -Utils -INFO - CHATS TAB TEST: End
2017-05-31 14:48:19,589 -Utils -INFO - SIGNOUT TEST : Started
2017-05-31 14:48:19,590 -Utils -INFO - Waiting for 5 seconds........
2017-05-31 14:48:24,993 -Utils -INFO - Waiting for 10 seconds........
2017-05-31 14:48:35,147 -Utils -INFO - PROFILE TAB: Icon Clicked
2017-05-31 14:48:35,249 -Utils -INFO - Waiting for 10 seconds........
2017-05-31 14:48:45,425 -Utils -INFO - SIGN OUT: Clicked
2017-05-31 14:48:45,426 -Utils -INFO - Waiting for 5 seconds........
2017-05-31 14:48:50,497 -Utils -INFO - Waiting for 10 seconds........
2017-05-31 14:49:00,945 -Utils -INFO - DIALOG YES OR NO: Yes clicked
2017-05-31 14:49:00,945 -Utils -INFO - Logout : Logged Out Successfully....
2017-05-31 14:49:01,386 -Utils -INFO - SIGNOUT TEST : End
