2017-05-10 17:31:41,026 [main] INFO FacebookTest - Browser Started
2017-05-10 17:33:39,817 [main] INFO FacebookTest - FaceBook Page is loaded
2017-05-10 17:33:57,605 [main] INFO FacebookTest - USER NAME :markreevs0@gmail.com
2017-05-10 17:34:01,186 [main] INFO FacebookTest - PASSWORD: P@ssw0rd2
2017-05-10 17:35:07,165 [main] INFO FacebookTest - Login Button Clicked
2017-05-10 17:35:15,011 [main] INFO FacebookTest - Chat Icon clicked
2017-05-10 17:35:45,484 [main] INFO FacebookTest - View more chat details tab clicked
2017-05-10 17:35:49,416 [main] INFO FacebookTest - SBSA South Africa value Entered
2017-05-10 17:35:54,526 [main] INFO FacebookTest - SBSA logo clicked
2017-05-10 17:36:00,292 [main] INFO FacebookTest - Hello value entered
2017-05-10 17:36:29,610 [main] INFO FacebookTest - Browser Close
2017-05-10 18:48:30,945 [main] INFO FacebookTest - Browser Started
2017-05-10 18:48:52,221 [main] INFO FacebookTest - FaceBook Page is loaded
2017-05-10 18:48:54,366 [main] INFO FacebookTest - USER NAME :markreevs0@gmail.com
2017-05-10 18:48:55,924 [main] INFO FacebookTest - PASSWORD: P@ssw0rd2
2017-05-10 18:49:42,480 [main] INFO FacebookTest - Login Button Clicked
2017-05-10 18:49:51,163 [main] INFO FacebookTest - Chat Icon clicked
2017-05-10 18:50:18,059 [main] INFO FacebookTest - View more chat details tab clicked
2017-05-10 18:50:26,939 [main] INFO FacebookTest - SBSA South Africa value Entered
2017-05-10 18:50:30,940 [main] INFO FacebookTest - SBSA logo clicked
2017-05-10 18:50:36,742 [main] INFO FacebookTest - Hello value entered
2017-05-10 18:51:07,159 [main] INFO FacebookTest - Browser Close
2017-05-10 18:57:34,869 [main] INFO FacebookTest - Browser Started
2017-05-10 18:57:55,396 [main] INFO FacebookTest - FaceBook Page is loaded
2017-05-10 18:57:57,086 [main] INFO FacebookTest - USER NAME :markreevs0@gmail.com
2017-05-10 18:57:58,285 [main] INFO FacebookTest - PASSWORD: P@ssw0rd2
2017-05-10 18:58:29,272 [main] INFO FacebookTest - Login Button Clicked
2017-05-10 18:58:36,362 [main] INFO FacebookTest - Chat Icon clicked
2017-05-10 18:58:41,593 [main] INFO FacebookTest - View more chat details tab clicked
2017-05-10 18:59:03,805 [main] INFO FacebookTest - SBSA South Africa value Entered
2017-05-10 18:59:11,245 [main] INFO FacebookTest - SBSA logo clicked
2017-05-10 18:59:16,109 [main] INFO FacebookTest - Hello value entered
2017-05-10 18:59:40,425 [main] INFO FacebookTest - Browser Close
2017-05-10 19:04:45,066 [main] INFO FacebookTest - Browser Started
2017-05-10 19:05:05,712 [main] INFO FacebookTest - FaceBook Page is loaded
2017-05-10 19:05:07,692 [main] INFO FacebookTest - USER NAME :markreevs0@gmail.com
2017-05-10 19:05:09,366 [main] INFO FacebookTest - PASSWORD: P@ssw0rd2
2017-05-10 19:05:40,350 [main] INFO FacebookTest - Login Button Clicked
2017-05-10 19:05:47,439 [main] INFO FacebookTest - Chat Icon clicked
2017-05-10 19:06:10,190 [main] INFO FacebookTest - View more chat details tab clicked
2017-05-10 19:06:13,172 [main] INFO FacebookTest - SBSA South Africa value Entered
2017-05-10 19:06:16,971 [main] INFO FacebookTest - SBSA logo clicked
2017-05-10 19:06:22,620 [main] INFO FacebookTest - Hello value entered
2017-05-10 19:06:47,667 [main] INFO FacebookTest - Browser Close
2017-05-10 19:10:58,558 [main] INFO FacebookTest - Browser Started
2017-05-10 19:11:36,099 [main] INFO FacebookTest - FaceBook Page is loaded
2017-05-10 19:11:41,906 [main] INFO FacebookTest - USER NAME :markreevs0@gmail.com
2017-05-10 19:11:45,315 [main] INFO FacebookTest - PASSWORD: P@ssw0rd2
2017-05-10 19:12:16,116 [main] INFO FacebookTest - Login Button Clicked
2017-05-10 19:12:22,980 [main] INFO FacebookTest - Chat Icon clicked
2017-05-10 19:12:27,812 [main] INFO FacebookTest - View more chat details tab clicked
2017-05-10 19:12:46,130 [main] INFO FacebookTest - SBSA South Africa value Entered
2017-05-10 19:12:54,399 [main] INFO FacebookTest - SBSA logo clicked
2017-05-10 19:12:59,330 [main] INFO FacebookTest - Hello value entered
2017-05-10 19:13:27,929 [main] INFO FacebookTest - Browser Close
2017-05-10 19:25:28,238 [main] INFO FacebookTest - Browser Started
2017-05-10 19:25:58,968 [main] INFO FacebookTest - FaceBook Page is loaded
2017-05-10 19:26:03,449 [main] INFO FacebookTest - USER NAME :markreevs0@gmail.com
2017-05-10 19:26:05,033 [main] INFO FacebookTest - PASSWORD: P@ssw0rd2
2017-05-10 19:26:28,151 [main] INFO FacebookTest - Login Button Clicked
2017-05-10 19:26:35,841 [main] INFO FacebookTest - Chat Icon clicked
2017-05-10 19:26:47,661 [main] INFO FacebookTest - View more chat details tab clicked
2017-05-10 19:27:04,695 [main] INFO FacebookTest - SBSA South Africa value Entered
2017-05-10 19:27:08,671 [main] INFO FacebookTest - SBSA logo clicked
2017-05-10 19:27:15,734 [main] INFO FacebookTest - Hello value entered
2017-05-10 19:27:24,279 [main] INFO FacebookTest - Browser Close
2017-05-10 19:35:00,500 [main] INFO FacebookTest - Browser Started
2017-05-10 19:35:19,197 [main] INFO FacebookTest - FaceBook Page is loaded
2017-05-10 19:35:21,098 [main] INFO FacebookTest - USER NAME :markreevs0@gmail.com
2017-05-10 19:35:23,006 [main] INFO FacebookTest - PASSWORD: P@ssw0rd2
2017-05-10 19:36:06,415 [main] INFO FacebookTest - Login Button Clicked
2017-05-10 19:36:15,936 [main] INFO FacebookTest - Chat Icon clicked
2017-05-10 19:36:47,874 [main] INFO FacebookTest - View more chat details tab clicked
2017-05-10 19:36:50,976 [main] INFO FacebookTest - SBSA South Africa value Entered
2017-05-10 19:37:00,589 [main] INFO FacebookTest - SBSA logo clicked
2017-05-10 19:37:06,547 [main] INFO FacebookTest - Hello value entered
2017-05-10 19:37:42,356 [main] INFO FacebookTest - Browser Close
2017-05-17 16:22:18,478 [main] INFO FacebookTest - Browser Started
2017-05-17 16:22:53,666 [main] INFO FacebookTest - FaceBook Page is loaded
2017-05-17 16:22:57,068 [main] INFO FacebookTest - USER NAME :markreevs0@gmail.com
2017-05-17 16:22:58,065 [main] INFO FacebookTest - PASSWORD: P@ssw0rd2
2017-05-17 16:23:24,154 [main] INFO FacebookTest - Login Button Clicked
2017-05-17 16:23:30,936 [main] INFO FacebookTest - Chat Icon clicked
2017-05-17 16:23:41,188 [main] INFO FacebookTest - View more chat details tab clicked
2017-05-17 16:23:48,751 [main] INFO FacebookTest - SBSA South Africa value Entered
2017-05-17 16:23:52,617 [main] INFO FacebookTest - SBSA logo clicked
2017-05-17 16:23:58,194 [main] INFO FacebookTest - Hello value entered
2017-05-17 16:24:29,886 [main] INFO FacebookTest - Browser Close
2017-05-17 18:40:38,734 [main] INFO FacebookTest - Browser Started
2017-05-17 18:41:02,572 [main] INFO FacebookTest - FaceBook Page is loaded
2017-05-17 18:41:04,549 [main] INFO FacebookTest - USER NAME :markreevs0@gmail.com
2017-05-17 18:41:05,358 [main] INFO FacebookTest - PASSWORD: P@ssw0rd2
2017-05-17 18:41:33,641 [main] INFO FacebookTest - Login Button Clicked
2017-05-17 18:41:40,075 [main] INFO FacebookTest - Chat Icon clicked
2017-05-17 18:41:49,335 [main] INFO FacebookTest - View more chat details tab clicked
2017-05-17 18:42:05,161 [main] INFO FacebookTest - SBSA South Africa value Entered
2017-05-17 18:42:08,965 [main] INFO FacebookTest - SBSA logo clicked
2017-05-17 18:42:13,212 [main] INFO FacebookTest - Hello value entered
2017-05-17 18:42:40,486 [main] INFO FacebookTest - Browser Close
2017-05-17 18:51:51,138 [main] INFO FacebookTest - Browser Started
2017-05-17 18:52:28,028 [main] INFO FacebookTest - FaceBook Page is loaded
2017-05-17 18:52:29,313 [main] INFO FacebookTest - USER NAME :markreevs0@gmail.com
2017-05-17 18:52:30,107 [main] INFO FacebookTest - PASSWORD: P@ssw0rd2
2017-05-17 18:52:54,425 [main] INFO FacebookTest - Login Button Clicked
2017-05-17 18:53:00,856 [main] INFO FacebookTest - Chat Icon clicked
2017-05-17 18:53:04,865 [main] INFO FacebookTest - View more chat details tab clicked
2017-05-17 18:53:11,807 [main] INFO FacebookTest - SBSA South Africa value Entered
2017-05-17 18:53:16,181 [main] INFO FacebookTest - SBSA logo clicked
2017-05-17 18:53:20,743 [main] INFO FacebookTest - Hello value entered
2017-05-17 18:53:24,644 [main] INFO FacebookTest - Send button clicked
2017-05-17 18:53:28,197 [main] INFO FacebookTest - Logout dropdown button clicked
2017-05-17 18:53:38,355 [main] INFO FacebookTest - Logout tab clicked
2017-05-17 18:53:40,733 [main] INFO FacebookTest - Browser Close
2017-05-17 19:15:24,710 [main] INFO FacebookTest - Browser Started
2017-05-17 19:15:44,262 [main] INFO FacebookTest - FaceBook Page is loaded
2017-05-17 19:15:45,609 [main] INFO FacebookTest - USER NAME :markreevs0@gmail.com
2017-05-17 19:15:46,456 [main] INFO FacebookTest - PASSWORD: P@ssw0rd2
2017-05-17 19:16:28,119 [main] INFO FacebookTest - Login Button Clicked
2017-05-17 19:16:35,353 [main] INFO FacebookTest - Chat Icon clicked
2017-05-17 19:16:45,801 [main] INFO FacebookTest - View more chat details tab clicked
2017-05-17 19:16:57,448 [main] INFO FacebookTest - SBSA South Africa value Entered
2017-05-17 19:17:01,402 [main] INFO FacebookTest - SBSA logo clicked
2017-05-17 19:17:06,214 [main] INFO FacebookTest - Hello value entered
2017-05-17 19:17:10,026 [main] INFO FacebookTest - Send button clicked
2017-05-17 19:17:13,510 [main] INFO FacebookTest - Logout dropdown button clicked
2017-05-17 19:17:23,582 [main] INFO FacebookTest - Logout tab clicked
2017-05-17 19:17:26,016 [main] INFO FacebookTest - Browser Close
2017-05-17 19:20:11,845 [main] INFO FacebookTest - Browser Started
2017-05-17 19:20:31,350 [main] INFO FacebookTest - FaceBook Page is loaded
2017-05-17 19:20:32,537 [main] INFO FacebookTest - USER NAME :markreevs0@gmail.com
2017-05-17 19:20:33,459 [main] INFO FacebookTest - PASSWORD: P@ssw0rd2
2017-05-17 19:21:09,034 [main] INFO FacebookTest - Login Button Clicked
2017-05-17 19:21:15,914 [main] INFO FacebookTest - Chat Icon clicked
2017-05-17 19:21:33,029 [main] INFO FacebookTest - View more chat details tab clicked
2017-05-17 19:21:36,190 [main] INFO FacebookTest - SBSA South Africa value Entered
2017-05-17 19:21:40,220 [main] INFO FacebookTest - SBSA logo clicked
2017-05-17 19:21:44,625 [main] INFO FacebookTest - Hello value entered
2017-05-17 19:21:48,755 [main] INFO FacebookTest - Send button clicked
2017-05-17 19:21:52,431 [main] INFO FacebookTest - Logout dropdown button clicked
2017-05-17 19:22:04,737 [main] INFO FacebookTest - Logout tab clicked
2017-05-17 19:22:07,522 [main] INFO FacebookTest - Browser Close
2017-05-17 19:51:51,800 [main] INFO FacebookTest - Browser Started
2017-05-17 19:52:13,554 [main] INFO FacebookTest - FaceBook Page is loaded
2017-05-17 19:52:15,608 [main] INFO FacebookTest - USER NAME :markreevs0@gmail.com
2017-05-17 19:52:16,984 [main] INFO FacebookTest - PASSWORD: P@ssw0rd2
2017-05-17 19:52:49,271 [main] INFO FacebookTest - Login Button Clicked
2017-05-17 19:52:55,703 [main] INFO FacebookTest - Chat Icon clicked
2017-05-17 19:53:05,012 [main] INFO FacebookTest - View more chat details tab clicked
2017-05-17 19:53:06,762 [main] INFO FacebookTest - SBSA South Africa value Entered
2017-05-17 19:53:10,782 [main] INFO FacebookTest - SBSA logo clicked
2017-05-17 19:53:14,845 [main] INFO FacebookTest - Hello value entered
2017-05-17 19:53:18,690 [main] INFO FacebookTest - Send button clicked
2017-05-17 19:53:22,165 [main] INFO FacebookTest - Logout dropdown button clicked
2017-05-17 19:53:45,216 [main] INFO FacebookTest - Browser Close
2017-05-17 19:57:01,948 [main] INFO FacebookTest - Browser Started
2017-05-17 19:57:22,412 [main] INFO FacebookTest - FaceBook Page is loaded
2017-05-17 19:57:23,484 [main] INFO FacebookTest - USER NAME :markreevs0@gmail.com
2017-05-17 19:57:24,295 [main] INFO FacebookTest - PASSWORD: P@ssw0rd2
2017-05-17 19:58:00,474 [main] INFO FacebookTest - Login Button Clicked
2017-05-17 19:58:07,210 [main] INFO FacebookTest - Chat Icon clicked
2017-05-17 19:58:11,383 [main] INFO FacebookTest - View more chat details tab clicked
2017-05-17 19:58:22,473 [main] INFO FacebookTest - SBSA South Africa value Entered
2017-05-17 19:58:26,668 [main] INFO FacebookTest - SBSA logo clicked
2017-05-17 19:58:30,759 [main] INFO FacebookTest - Hello value entered
2017-05-17 19:58:34,927 [main] INFO FacebookTest - Send button clicked
2017-05-17 19:58:38,724 [main] INFO FacebookTest - Logout dropdown button clicked
2017-05-17 19:58:49,775 [main] INFO FacebookTest - Logout tab clicked
2017-05-17 19:58:52,000 [main] INFO FacebookTest - Browser Close
2017-05-17 19:58:58,335 [main] INFO Utils - Wait for page to load.......
2017-05-17 19:58:58,348 [main] INFO Utils - Page is loaded
2017-05-17 19:59:29,807 [main] INFO Utils - LOGIN TEST : Started
2017-05-17 19:59:31,253 [main] INFO Utils - USERNAME: AnitaTest1
2017-05-17 19:59:31,486 [main] INFO Utils - Waiting for 5 seconds........
2017-05-17 19:59:36,970 [main] INFO Utils - PASSWORD:Torsa123
2017-05-17 19:59:37,687 [main] INFO Utils - Waiting for 5 seconds........
2017-05-17 19:59:43,291 [main] INFO Utils - SIGNIN : CLICKED

2017-05-17 19:59:52,836 [main] INFO Utils - Waiting for 5 seconds........
2017-05-17 19:59:58,509 [main] INFO Utils - LOGIN TEST : End
2017-05-17 19:59:58,632 [main] INFO Utils - UNCLAIMED TAB TEST : Started
2017-05-17 19:59:58,995 [main] INFO Utils - Unclaimed Tab: Clicked 
2017-05-17 19:59:58,996 [main] INFO Utils - Waiting for 5 seconds........
2017-05-17 20:00:04,637 [main] INFO Utils - Waiting for 5 seconds........
2017-05-17 20:00:10,062 [main] INFO Utils - Unclaimed count: 1
2017-05-17 20:00:11,448 [main] INFO Utils - CHATS TAB TEST: Started

2017-05-17 20:00:41,947 [main] INFO Utils - CLAIMED COUNT: 0
2017-05-17 20:00:42,204 [main] INFO Utils - CHATS TAB TEST: End
2017-05-17 20:00:42,347 [main] INFO Utils - SIGNOUT TEST : Started
2017-05-17 20:00:42,347 [main] INFO Utils - Waiting for 5 seconds........
2017-05-17 20:00:47,658 [main] INFO Utils - Waiting for 10 seconds........
2017-05-17 20:00:57,864 [main] INFO Utils - PROFILE TAB: Icon Clicked
2017-05-17 20:00:58,026 [main] INFO Utils - Waiting for 10 seconds........
2017-05-17 20:01:08,299 [main] INFO Utils - SIGN OUT: Clicked
2017-05-17 20:01:08,300 [main] INFO Utils - Waiting for 5 seconds........
2017-05-17 20:01:13,532 [main] INFO Utils - Waiting for 10 seconds........
2017-05-17 20:01:24,001 [main] INFO Utils - DIALOG YES OR NO: Yes clicked
2017-05-17 20:01:24,001 [main] INFO Utils - Logout : Logged Out Successfully....
2017-05-17 20:01:24,566 [main] INFO Utils - SIGNOUT TEST : End
2017-05-24 00:22:42,921 [main] INFO FacebookTest - Browser Started
2017-05-24 00:22:53,805 [main] INFO FacebookTest - FaceBook Page is loaded
2017-05-24 00:22:55,399 [main] INFO FacebookTest - USER NAME :markreevs0@gmail.com
2017-05-24 00:22:56,137 [main] INFO FacebookTest - PASSWORD: P@ssw0rd2
2017-05-24 00:23:13,752 [main] INFO FacebookTest - Login Button Clicked
2017-05-24 00:23:20,068 [main] INFO FacebookTest - Chat Icon clicked
2017-05-24 00:23:23,922 [main] INFO FacebookTest - View more chat details tab clicked
2017-05-24 00:23:34,541 [main] INFO FacebookTest - SBSA South Africa value Entered
2017-05-24 00:23:38,520 [main] INFO FacebookTest - SBSA logo clicked
2017-05-24 00:23:42,472 [main] INFO FacebookTest - Hello value entered
2017-05-24 00:23:46,109 [main] INFO FacebookTest - Send button clicked
2017-05-24 00:23:49,511 [main] INFO FacebookTest - Logout dropdown button clicked
2017-05-24 00:23:55,205 [main] INFO FacebookTest - Logout tab clicked
2017-05-24 00:24:07,083 [main] INFO FacebookTest - Browser Close
2017-05-24 00:24:21,955 [main] INFO Utils - Wait for page to load.......
2017-05-24 00:24:21,962 [main] INFO Utils - Page is loaded
2017-05-24 00:24:43,875 [main] INFO Utils - LOGIN TEST : Started
2017-05-24 00:24:45,008 [main] INFO Utils - USERNAME: AnitaTest1
2017-05-24 00:24:45,330 [main] INFO Utils - Waiting for 5 seconds........
2017-05-24 00:24:50,856 [main] INFO Utils - PASSWORD:Torsa123
2017-05-24 00:24:50,988 [main] INFO Utils - Waiting for 5 seconds........
2017-05-24 00:24:56,349 [main] INFO Utils - SIGNIN : CLICKED

2017-05-24 00:25:01,454 [main] INFO Utils - Waiting for 5 seconds........
2017-05-24 00:25:08,782 [main] INFO Utils - LOGIN TEST : End
2017-05-24 00:25:09,035 [main] INFO Utils - UNCLAIMED TAB TEST : Started
2017-05-24 00:25:09,325 [main] INFO Utils - Unclaimed Tab: Clicked 
2017-05-24 00:25:09,326 [main] INFO Utils - Waiting for 5 seconds........
2017-05-24 00:25:14,614 [main] INFO Utils - Waiting for 5 seconds........
2017-05-24 00:25:19,864 [main] INFO Utils - Unclaimed count: 1
2017-05-24 00:25:19,993 [main] INFO Utils - Waiting for 5 seconds........
2017-05-24 00:25:25,139 [main] INFO Utils - Waiting for 5 seconds........
2017-05-24 00:25:30,227 [main] INFO Utils - CLAIM THIS QUERY ICON : Clicked
2017-05-24 00:25:30,377 [main] INFO Utils - UNCLAIMED TAB TEST : End
2017-05-24 00:25:30,421 [main] INFO Utils - CHATS TAB TEST: Started

2017-05-24 00:25:33,181 [main] INFO Utils - CLAIMED COUNT: 1
2017-05-24 00:25:33,621 [main] INFO Utils - Waiting for 5 seconds........
2017-05-24 00:25:38,898 [main] INFO Utils - Waiting for 5 seconds........
2017-05-24 00:25:44,091 [main] INFO Utils - DIALOG YES OR NO: Yes clicked
2017-05-24 00:25:44,306 [main] INFO Utils - CHATS TAB TEST: End
2017-05-24 00:25:44,456 [main] INFO Utils - SIGNOUT TEST : Started
2017-05-24 00:25:44,456 [main] INFO Utils - Waiting for 5 seconds........
2017-05-24 00:25:49,639 [main] INFO Utils - Waiting for 10 seconds........
2017-05-24 00:25:59,760 [main] INFO Utils - PROFILE TAB: Icon Clicked
2017-05-24 00:25:59,844 [main] INFO Utils - Waiting for 10 seconds........
2017-05-24 00:26:10,006 [main] INFO Utils - SIGN OUT: Clicked
2017-05-24 00:26:10,007 [main] INFO Utils - Waiting for 5 seconds........
2017-05-24 00:26:15,171 [main] INFO Utils - Waiting for 10 seconds........
2017-05-24 00:26:27,719 [main] INFO Utils - DIALOG YES OR NO: Yes clicked
2017-05-24 00:26:27,720 [main] INFO Utils - Logout : Logged Out Successfully....
2017-05-24 00:26:27,858 [main] INFO Utils - SIGNOUT TEST : End
2017-05-24 03:07:54,620 [main] INFO FacebookTest - Browser Started
2017-05-24 03:07:58,296 [main] INFO FacebookTest - FaceBook Page is loaded
2017-05-24 03:07:59,430 [main] INFO FacebookTest - USER NAME :markreevs0@gmail.com
2017-05-24 03:07:59,953 [main] INFO FacebookTest - PASSWORD: P@ssw0rd2
2017-05-24 03:08:13,410 [main] INFO FacebookTest - Login Button Clicked
2017-05-24 03:08:19,744 [main] INFO FacebookTest - Chat Icon clicked
2017-05-24 03:08:23,644 [main] INFO FacebookTest - View more chat details tab clicked
2017-05-24 03:08:26,952 [main] INFO FacebookTest - SBSA South Africa value Entered
2017-05-24 03:08:30,867 [main] INFO FacebookTest - SBSA logo clicked
2017-05-24 03:08:34,685 [main] INFO FacebookTest - Hello value entered
2017-05-24 03:08:38,616 [main] INFO FacebookTest - Send button clicked
2017-05-24 03:08:42,045 [main] INFO FacebookTest - Logout dropdown button clicked
2017-05-24 03:08:47,848 [main] INFO FacebookTest - Logout tab clicked
2017-05-24 03:08:52,444 [main] INFO FacebookTest - Browser Close
2017-05-24 03:09:03,720 [main] INFO Utils - Wait for page to load.......
2017-05-24 03:09:03,741 [main] INFO Utils - Page is loaded
2017-05-24 03:09:21,589 [main] INFO Utils - LOGIN TEST : Started
2017-05-24 03:09:22,204 [main] INFO Utils - USERNAME: AnitaTest1
2017-05-24 03:09:22,377 [main] INFO Utils - Waiting for 5 seconds........
2017-05-24 03:09:27,830 [main] INFO Utils - PASSWORD:Torsa123
2017-05-24 03:09:27,960 [main] INFO Utils - Waiting for 5 seconds........
2017-05-24 03:09:33,317 [main] INFO Utils - SIGNIN : CLICKED

2017-05-24 03:09:33,934 [main] INFO Utils - Waiting for 5 seconds........
2017-05-24 03:09:38,991 [main] INFO Utils - LOGIN TEST : End
2017-05-24 03:09:39,037 [main] INFO Utils - UNCLAIMED TAB TEST : Started
2017-05-24 03:09:39,197 [main] INFO Utils - Unclaimed Tab: Clicked 
2017-05-24 03:09:39,197 [main] INFO Utils - Waiting for 5 seconds........
2017-05-24 03:09:44,409 [main] INFO Utils - Waiting for 5 seconds........
2017-05-24 03:09:49,649 [main] INFO Utils - Unclaimed count: 1
2017-05-24 03:09:49,751 [main] INFO Utils - Waiting for 5 seconds........
2017-05-24 03:09:54,963 [main] INFO Utils - Waiting for 5 seconds........
2017-05-24 03:10:00,011 [main] INFO Utils - CLAIM THIS QUERY ICON : Clicked
2017-05-24 03:10:00,199 [main] INFO Utils - UNCLAIMED TAB TEST : End
2017-05-24 03:10:00,242 [main] INFO Utils - CHATS TAB TEST: Started

2017-05-24 03:10:02,875 [main] INFO Utils - CLAIMED COUNT: 1
2017-05-24 03:10:03,676 [main] INFO Utils - Waiting for 5 seconds........
2017-05-24 03:10:08,875 [main] INFO Utils - Waiting for 5 seconds........
2017-05-24 03:10:14,170 [main] INFO Utils - DIALOG YES OR NO: Yes clicked
2017-05-24 03:10:14,401 [main] INFO Utils - CHATS TAB TEST: End
2017-05-24 03:10:14,447 [main] INFO Utils - SIGNOUT TEST : Started
2017-05-24 03:10:14,447 [main] INFO Utils - Waiting for 5 seconds........
2017-05-24 03:10:19,657 [main] INFO Utils - Waiting for 10 seconds........
2017-05-24 03:10:29,780 [main] INFO Utils - PROFILE TAB: Icon Clicked
2017-05-24 03:10:29,873 [main] INFO Utils - Waiting for 10 seconds........
2017-05-24 03:10:40,015 [main] INFO Utils - SIGN OUT: Clicked
2017-05-24 03:10:40,015 [main] INFO Utils - Waiting for 5 seconds........
2017-05-24 03:10:45,129 [main] INFO Utils - Waiting for 10 seconds........
2017-05-24 03:10:57,758 [main] INFO Utils - DIALOG YES OR NO: Yes clicked
2017-05-24 03:10:57,758 [main] INFO Utils - Logout : Logged Out Successfully....
2017-05-24 03:10:58,246 [main] INFO Utils - SIGNOUT TEST : End
2017-05-24 03:37:29,379 [main] INFO FacebookTest - Browser Started
2017-05-24 03:37:35,015 [main] INFO FacebookTest - FaceBook Page is loaded
2017-05-24 03:37:35,732 [main] INFO FacebookTest - USER NAME :markreevs0@gmail.com
2017-05-24 03:37:36,140 [main] INFO FacebookTest - PASSWORD: P@ssw0rd2
2017-05-24 03:37:43,653 [main] INFO FacebookTest - Login Button Clicked
2017-05-24 03:37:49,958 [main] INFO FacebookTest - Chat Icon clicked
2017-05-24 03:37:57,999 [main] INFO FacebookTest - View more chat details tab clicked
2017-05-24 03:37:59,194 [main] INFO FacebookTest - SBSA South Africa value Entered
2017-05-24 03:38:03,102 [main] INFO FacebookTest - SBSA logo clicked
2017-05-24 03:38:06,818 [main] INFO FacebookTest - Hello value entered
2017-05-24 03:38:10,466 [main] INFO FacebookTest - Send button clicked
2017-05-24 03:38:13,858 [main] INFO FacebookTest - Logout dropdown button clicked
2017-05-24 03:38:19,552 [main] INFO FacebookTest - Logout tab clicked
2017-05-24 03:38:24,536 [main] INFO FacebookTest - Browser Close
2017-05-24 03:38:34,403 [main] INFO Utils - Wait for page to load.......
2017-05-24 03:38:34,420 [main] INFO Utils - Page is loaded
2017-05-24 03:38:50,806 [main] INFO Utils - LOGIN TEST : Started
2017-05-24 03:38:51,322 [main] INFO Utils - USERNAME: AnitaTest1
2017-05-24 03:38:51,507 [main] INFO Utils - Waiting for 5 seconds........
2017-05-24 03:38:57,059 [main] INFO Utils - PASSWORD:Torsa123
2017-05-24 03:38:57,205 [main] INFO Utils - Waiting for 5 seconds........
2017-05-24 03:39:02,545 [main] INFO Utils - SIGNIN : CLICKED

2017-05-24 03:39:03,506 [main] INFO Utils - Waiting for 5 seconds........
2017-05-24 03:39:08,573 [main] INFO Utils - LOGIN TEST : End
2017-05-24 03:39:08,634 [main] INFO Utils - UNCLAIMED TAB TEST : Started
2017-05-24 03:39:08,756 [main] INFO Utils - Unclaimed Tab: Clicked 
2017-05-24 03:39:08,758 [main] INFO Utils - Waiting for 5 seconds........
2017-05-24 03:39:14,037 [main] INFO Utils - Waiting for 5 seconds........
2017-05-24 03:39:19,270 [main] INFO Utils - Unclaimed count: 1
2017-05-24 03:39:19,362 [main] INFO Utils - Waiting for 5 seconds........
2017-05-24 03:39:24,491 [main] INFO Utils - Waiting for 5 seconds........
2017-05-24 03:39:29,556 [main] INFO Utils - CLAIM THIS QUERY ICON : Clicked
2017-05-24 03:39:29,756 [main] INFO Utils - UNCLAIMED TAB TEST : End
2017-05-24 03:39:29,793 [main] INFO Utils - CHATS TAB TEST: Started

2017-05-24 03:39:33,442 [main] INFO Utils - CLAIMED COUNT: 1
2017-05-24 03:39:33,986 [main] INFO Utils - Waiting for 5 seconds........
2017-05-24 03:39:39,263 [main] INFO Utils - Waiting for 5 seconds........
2017-05-24 03:39:44,440 [main] INFO Utils - DIALOG YES OR NO: Yes clicked
2017-05-24 03:39:44,676 [main] INFO Utils - CHATS TAB TEST: End
2017-05-24 03:39:44,741 [main] INFO Utils - SIGNOUT TEST : Started
2017-05-24 03:39:44,743 [main] INFO Utils - Waiting for 5 seconds........
2017-05-24 03:39:49,993 [main] INFO Utils - Waiting for 10 seconds........
2017-05-24 03:40:00,132 [main] INFO Utils - PROFILE TAB: Icon Clicked
2017-05-24 03:40:00,232 [main] INFO Utils - Waiting for 10 seconds........
2017-05-24 03:40:10,416 [main] INFO Utils - SIGN OUT: Clicked
2017-05-24 03:40:10,418 [main] INFO Utils - Waiting for 5 seconds........
2017-05-24 03:40:15,477 [main] INFO Utils - Waiting for 10 seconds........
2017-05-24 03:40:27,972 [main] INFO Utils - DIALOG YES OR NO: Yes clicked
2017-05-24 03:40:27,973 [main] INFO Utils - Logout : Logged Out Successfully....
2017-05-24 03:40:28,375 [main] INFO Utils - SIGNOUT TEST : End
2017-05-24 03:41:17,194 [main] INFO FacebookTest - Browser Started
2017-05-24 03:41:21,562 [main] INFO FacebookTest - FaceBook Page is loaded
2017-05-24 03:41:23,707 [main] INFO FacebookTest - Browser Close
2017-05-24 03:41:28,275 [main] INFO Utils - Wait for page to load.......
2017-05-24 03:41:28,278 [main] INFO Utils - Page is loaded
2017-05-24 03:41:30,057 [main] INFO Utils - LOGIN TEST : Started
2017-05-24 03:41:30,159 [main] INFO Utils - UNCLAIMED TAB TEST : Started
2017-05-24 03:41:30,259 [main] INFO Utils - CHATS TAB TEST: Started

2017-05-24 03:41:30,350 [main] INFO Utils - SIGNOUT TEST : Started
2017-05-24 03:41:30,350 [main] INFO Utils - Waiting for 5 seconds........
2017-05-24 03:44:20,569 [main] INFO FacebookTest - Browser Started
2017-05-24 03:44:30,031 [main] INFO FacebookTest - FaceBook Page is loaded
2017-05-24 03:44:30,713 [main] INFO FacebookTest - USER NAME :markreevs0@gmail.com
2017-05-24 03:44:31,187 [main] INFO FacebookTest - PASSWORD: P@ssw0rd2
2017-05-24 03:44:39,772 [main] INFO FacebookTest - Login Button Clicked
2017-05-24 03:44:46,053 [main] INFO FacebookTest - Chat Icon clicked
2017-05-24 03:44:55,953 [main] INFO FacebookTest - View more chat details tab clicked
2017-05-24 03:44:57,764 [main] INFO FacebookTest - SBSA South Africa value Entered
2017-05-24 03:45:02,350 [main] INFO FacebookTest - SBSA logo clicked
2017-05-24 03:45:05,965 [main] INFO FacebookTest - Hello value entered
2017-05-24 03:45:10,191 [main] INFO FacebookTest - Send button clicked
2017-05-24 03:45:13,629 [main] INFO FacebookTest - Logout dropdown button clicked
2017-05-24 03:45:19,087 [main] INFO FacebookTest - Logout tab clicked
2017-05-24 03:45:22,388 [main] INFO FacebookTest - Browser Close
2017-05-24 03:45:33,349 [main] INFO Utils - Wait for page to load.......
2017-05-24 03:45:33,359 [main] INFO Utils - Page is loaded
2017-05-24 03:45:48,377 [main] INFO Utils - LOGIN TEST : Started
2017-05-24 03:45:48,939 [main] INFO Utils - USERNAME: AnitaTest1
2017-05-24 03:45:49,119 [main] INFO Utils - Waiting for 5 seconds........
2017-05-24 03:45:54,649 [main] INFO Utils - PASSWORD:Torsa123
2017-05-24 03:45:54,819 [main] INFO Utils - Waiting for 5 seconds........
2017-05-24 03:46:00,185 [main] INFO Utils - SIGNIN : CLICKED

2017-05-24 03:46:02,021 [main] INFO Utils - Waiting for 5 seconds........
2017-05-24 03:46:09,125 [main] INFO Utils - LOGIN TEST : End
2017-05-24 03:46:09,207 [main] INFO Utils - UNCLAIMED TAB TEST : Started
2017-05-24 03:46:09,382 [main] INFO Utils - Unclaimed Tab: Clicked 
2017-05-24 03:46:09,383 [main] INFO Utils - Waiting for 5 seconds........
2017-05-24 03:46:14,871 [main] INFO Utils - Waiting for 5 seconds........
2017-05-24 03:46:20,116 [main] INFO Utils - Unclaimed count: 1
2017-05-24 03:46:20,233 [main] INFO Utils - Waiting for 5 seconds........
2017-05-24 03:46:25,364 [main] INFO Utils - Waiting for 5 seconds........
2017-05-24 03:46:30,422 [main] INFO Utils - CLAIM THIS QUERY ICON : Clicked
2017-05-24 03:46:30,589 [main] INFO Utils - UNCLAIMED TAB TEST : End
2017-05-24 03:46:30,650 [main] INFO Utils - CHATS TAB TEST: Started

2017-05-24 03:46:33,846 [main] INFO Utils - CLAIMED COUNT: 1
2017-05-24 03:46:34,257 [main] INFO Utils - Waiting for 5 seconds........
2017-05-24 03:46:39,539 [main] INFO Utils - Waiting for 5 seconds........
2017-05-24 03:46:44,710 [main] INFO Utils - DIALOG YES OR NO: Yes clicked
2017-05-24 03:46:44,901 [main] INFO Utils - CHATS TAB TEST: End
2017-05-24 03:46:44,985 [main] INFO Utils - SIGNOUT TEST : Started
2017-05-24 03:46:44,985 [main] INFO Utils - Waiting for 5 seconds........
2017-05-24 03:46:50,179 [main] INFO Utils - Waiting for 10 seconds........
2017-05-24 03:47:00,317 [main] INFO Utils - PROFILE TAB: Icon Clicked
2017-05-24 03:47:00,409 [main] INFO Utils - Waiting for 10 seconds........
2017-05-24 03:47:10,552 [main] INFO Utils - SIGN OUT: Clicked
2017-05-24 03:47:10,554 [main] INFO Utils - Waiting for 5 seconds........
2017-05-24 03:47:15,648 [main] INFO Utils - Waiting for 10 seconds........
2017-05-24 03:47:26,711 [main] INFO Utils - DIALOG YES OR NO: Yes clicked
2017-05-24 03:47:26,712 [main] INFO Utils - Logout : Logged Out Successfully....
2017-05-24 03:47:27,128 [main] INFO Utils - SIGNOUT TEST : End
2017-05-31 13:39:43,922 [main] INFO FacebookTest - Browser Started
2017-05-31 13:39:53,929 [main] INFO FacebookTest - FaceBook Page is loaded
2017-05-31 13:39:55,910 [main] INFO FacebookTest - USER NAME :markreevs0@gmail.com
2017-05-31 13:39:56,701 [main] INFO FacebookTest - PASSWORD: P@ssw0rd2
2017-05-31 13:40:07,814 [main] INFO FacebookTest - Login Button Clicked
2017-05-31 13:40:14,287 [main] INFO FacebookTest - Chat Icon clicked
2017-05-31 13:40:18,372 [main] INFO FacebookTest - View more chat details tab clicked
2017-05-31 13:40:24,742 [main] INFO FacebookTest - SBSA South Africa value Entered
2017-05-31 13:40:28,624 [main] INFO FacebookTest - SBSA logo clicked
2017-05-31 13:40:32,531 [main] INFO FacebookTest - Hello value entered
2017-05-31 13:40:36,367 [main] INFO FacebookTest - Send button clicked
2017-05-31 13:40:39,911 [main] INFO FacebookTest - Logout dropdown button clicked
2017-05-31 13:40:45,562 [main] INFO FacebookTest - Logout tab clicked
2017-05-31 13:40:54,385 [main] INFO FacebookTest - Browser Close
2017-05-31 13:41:03,211 [main] INFO Utils - Wait for page to load.......
2017-05-31 13:41:03,214 [main] INFO Utils - Page is loaded
2017-05-31 13:41:21,207 [main] INFO Utils - LOGIN TEST : Started
2017-05-31 13:41:21,310 [main] INFO Utils - USERNAME: AnitaTest1
2017-05-31 13:41:21,550 [main] INFO Utils - Waiting for 5 seconds........
2017-05-31 13:41:27,040 [main] INFO Utils - PASSWORD:Torsa123
2017-05-31 13:41:27,239 [main] INFO Utils - Waiting for 5 seconds........
2017-05-31 13:41:32,736 [main] INFO Utils - SIGNIN : CLICKED

2017-05-31 13:41:33,853 [main] INFO Utils - Waiting for 5 seconds........
2017-05-31 13:41:38,956 [main] INFO Utils - LOGIN TEST : End
2017-05-31 13:41:39,008 [main] INFO Utils - UNCLAIMED TAB TEST : Started
2017-05-31 13:41:39,248 [main] INFO Utils - Unclaimed Tab: Clicked 
2017-05-31 13:41:39,250 [main] INFO Utils - Waiting for 5 seconds........
2017-05-31 13:41:44,605 [main] INFO Utils - Waiting for 5 seconds........
2017-05-31 13:41:49,943 [main] INFO Utils - Unclaimed count: 2
2017-05-31 13:41:50,089 [main] INFO Utils - Waiting for 5 seconds........
2017-05-31 13:41:55,281 [main] INFO Utils - Waiting for 5 seconds........
2017-05-31 13:42:00,398 [main] INFO Utils - CLAIM THIS QUERY ICON : Clicked
2017-05-31 13:42:00,974 [main] INFO Utils - Waiting for 5 seconds........
2017-05-31 13:42:06,178 [main] INFO Utils - Waiting for 5 seconds........
2017-05-31 13:42:11,259 [main] INFO Utils - CLAIM THIS QUERY ICON : Clicked
2017-05-31 13:42:11,548 [main] INFO Utils - UNCLAIMED TAB TEST : End
2017-05-31 13:42:11,625 [main] INFO Utils - CHATS TAB TEST: Started

2017-05-31 13:42:12,113 [main] INFO Utils - CLAIMED COUNT: 1
2017-05-31 13:42:12,799 [main] INFO Utils - Waiting for 5 seconds........
2017-05-31 13:42:17,909 [main] INFO Utils - SIGNOUT TEST : Started
2017-05-31 13:42:17,909 [main] INFO Utils - Waiting for 5 seconds........
2017-05-31 14:19:18,270 [main] INFO FacebookTest - Browser Started
2017-05-31 14:19:26,906 [main] INFO FacebookTest - FaceBook Page is loaded
2017-05-31 14:19:28,415 [main] INFO FacebookTest - USER NAME :markreevs0@gmail.com
2017-05-31 14:19:29,152 [main] INFO FacebookTest - PASSWORD: P@ssw0rd2
2017-05-31 14:19:43,820 [main] INFO FacebookTest - Login Button Clicked
2017-05-31 14:19:50,271 [main] INFO FacebookTest - Chat Icon clicked
2017-05-31 14:19:54,368 [main] INFO FacebookTest - View more chat details tab clicked
2017-05-31 14:20:06,914 [main] INFO FacebookTest - SBSA South Africa value Entered
2017-05-31 14:20:10,537 [main] INFO FacebookTest - SBSA logo clicked
2017-05-31 14:20:15,018 [main] INFO FacebookTest - Hello value entered
2017-05-31 14:20:19,094 [main] INFO FacebookTest - Send button clicked
2017-05-31 14:20:22,686 [main] INFO FacebookTest - Logout dropdown button clicked
2017-05-31 14:20:28,791 [main] INFO FacebookTest - Logout tab clicked
2017-05-31 14:20:34,489 [main] INFO FacebookTest - Browser Close
2017-05-31 14:20:45,323 [main] INFO Utils - Wait for page to load.......
2017-05-31 14:20:45,345 [main] INFO Utils - Page is loaded
2017-05-31 14:21:02,100 [main] INFO Utils - LOGIN TEST : Started
2017-05-31 14:21:02,583 [main] INFO Utils - USERNAME: AnitaTest1
2017-05-31 14:21:02,948 [main] INFO Utils - Waiting for 5 seconds........
2017-05-31 14:21:09,022 [main] INFO Utils - PASSWORD:Torsa123
2017-05-31 14:21:09,331 [main] INFO Utils - Waiting for 5 seconds........
2017-05-31 14:21:14,936 [main] INFO Utils - SIGNIN : CLICKED

2017-05-31 14:21:17,344 [main] INFO Utils - Waiting for 5 seconds........
2017-05-31 14:21:22,496 [main] INFO Utils - LOGIN TEST : End
2017-05-31 14:21:22,603 [main] INFO Utils - UNCLAIMED TAB TEST : Started
2017-05-31 14:21:22,917 [main] INFO Utils - Unclaimed Tab: Clicked 
2017-05-31 14:21:22,917 [main] INFO Utils - Waiting for 5 seconds........
2017-05-31 14:21:28,501 [main] INFO Utils - Waiting for 5 seconds........
2017-05-31 14:21:34,132 [main] INFO Utils - Unclaimed count: 1
2017-05-31 14:21:34,480 [main] INFO Utils - Waiting for 5 seconds........
2017-05-31 14:21:39,787 [main] INFO Utils - Waiting for 5 seconds........
2017-05-31 14:21:44,870 [main] INFO Utils - CLAIM THIS QUERY ICON : Clicked
2017-05-31 14:21:45,206 [main] INFO Utils - UNCLAIMED TAB TEST : End
2017-05-31 14:21:45,282 [main] INFO Utils - CHATS TAB TEST: Started

2017-05-31 14:21:45,881 [main] INFO Utils - CLAIMED COUNT: 1
2017-05-31 14:21:46,747 [main] INFO Utils - Waiting for 5 seconds........
2017-05-31 14:21:52,262 [main] INFO Utils - Waiting for 5 seconds........
2017-05-31 14:21:57,541 [main] INFO Utils - DIALOG YES OR NO: Yes clicked
2017-05-31 14:21:57,890 [main] INFO Utils - CHATS TAB TEST: End
2017-05-31 14:21:57,948 [main] INFO Utils - SIGNOUT TEST : Started
2017-05-31 14:21:57,948 [main] INFO Utils - Waiting for 5 seconds........
2017-05-31 14:22:03,214 [main] INFO Utils - Waiting for 10 seconds........
2017-05-31 14:22:13,431 [main] INFO Utils - PROFILE TAB: Icon Clicked
2017-05-31 14:22:13,860 [main] INFO Utils - Waiting for 10 seconds........
2017-05-31 14:22:23,872 [main] INFO Utils - SIGN OUT: Clicked
2017-05-31 14:22:23,873 [main] INFO Utils - Waiting for 5 seconds........
2017-05-31 14:40:32,601 [main] INFO Utils - Wait for page to load.......
2017-05-31 14:40:32,696 [main] INFO Utils - Page is loaded
2017-05-31 14:40:46,208 [main] INFO Utils - LOGIN TEST : Started
2017-05-31 14:40:46,571 [main] INFO Utils - USERNAME: AnitaTest1
2017-05-31 14:40:46,826 [main] INFO Utils - Waiting for 5 seconds........
2017-05-31 14:40:52,399 [main] INFO Utils - PASSWORD:Torsa123
2017-05-31 14:40:52,730 [main] INFO Utils - Waiting for 5 seconds........
2017-05-31 14:40:58,181 [main] INFO Utils - SIGNIN : CLICKED

2017-05-31 14:40:59,191 [main] INFO Utils - Waiting for 5 seconds........
2017-05-31 14:41:04,553 [main] INFO Utils - LOGIN TEST : End
2017-05-31 14:41:04,683 [main] INFO Utils - UNCLAIMED TAB TEST : Started
2017-05-31 14:41:05,198 [main] INFO Utils - Unclaimed Tab: Clicked 
2017-05-31 14:41:05,199 [main] INFO Utils - Waiting for 5 seconds........
2017-05-31 14:41:10,534 [main] INFO Utils - Waiting for 5 seconds........
2017-05-31 14:41:45,815 [main] INFO Utils - Unclaimed count: 0
2017-05-31 14:41:45,826 [main] INFO Utils - UNCLAIMED TAB TEST : End
2017-05-31 14:41:45,884 [main] INFO Utils - CHATS TAB TEST: Started

2017-05-31 14:41:54,571 [main] INFO Utils - SIGNOUT TEST : Started
2017-05-31 14:41:54,571 [main] INFO Utils - Waiting for 5 seconds........
2017-05-31 14:45:26,661 [main] INFO FacebookTest - Browser Started
2017-05-31 14:45:37,419 [main] INFO FacebookTest - FaceBook Page is loaded
2017-05-31 14:45:38,932 [main] INFO FacebookTest - USER NAME :markreevs0@gmail.com
2017-05-31 14:45:39,584 [main] INFO FacebookTest - PASSWORD: P@ssw0rd2
2017-05-31 14:45:53,609 [main] INFO FacebookTest - Login Button Clicked
2017-05-31 14:46:00,433 [main] INFO FacebookTest - Chat Icon clicked
2017-05-31 14:46:05,127 [main] INFO FacebookTest - View more chat details tab clicked
2017-05-31 14:46:13,007 [main] INFO FacebookTest - SBSA South Africa value Entered
2017-05-31 14:46:17,000 [main] INFO FacebookTest - SBSA logo clicked
2017-05-31 14:46:20,960 [main] INFO FacebookTest - Hello value entered
2017-05-31 14:46:24,951 [main] INFO FacebookTest - Send button clicked
2017-05-31 14:46:28,580 [main] INFO FacebookTest - Logout dropdown button clicked
2017-05-31 14:46:34,234 [main] INFO FacebookTest - Logout tab clicked
2017-05-31 14:46:42,893 [main] INFO FacebookTest - Browser Close
2017-05-31 14:46:54,075 [main] INFO Utils - Wait for page to load.......
2017-05-31 14:46:54,085 [main] INFO Utils - Page is loaded
2017-05-31 14:47:06,532 [main] INFO Utils - LOGIN TEST : Started
2017-05-31 14:47:07,814 [main] INFO Utils - USERNAME: AnitaTest1
2017-05-31 14:47:08,114 [main] INFO Utils - Waiting for 5 seconds........
2017-05-31 14:47:13,717 [main] INFO Utils - PASSWORD:Torsa123
2017-05-31 14:47:13,890 [main] INFO Utils - Waiting for 5 seconds........
2017-05-31 14:47:19,357 [main] INFO Utils - SIGNIN : CLICKED

2017-05-31 14:47:21,207 [main] INFO Utils - Waiting for 5 seconds........
2017-05-31 14:47:26,342 [main] INFO Utils - LOGIN TEST : End
2017-05-31 14:47:26,418 [main] INFO Utils - UNCLAIMED TAB TEST : Started
2017-05-31 14:47:26,650 [main] INFO Utils - Unclaimed Tab: Clicked 
2017-05-31 14:47:26,651 [main] INFO Utils - Waiting for 5 seconds........
2017-05-31 14:47:31,951 [main] INFO Utils - Waiting for 5 seconds........
2017-05-31 14:47:37,600 [main] INFO Utils - Unclaimed count: 1
2017-05-31 14:47:37,876 [main] INFO Utils - Waiting for 5 seconds........
2017-05-31 14:47:43,292 [main] INFO Utils - Waiting for 5 seconds........
2017-05-31 14:47:48,374 [main] INFO Utils - CLAIM THIS QUERY ICON : Clicked
2017-05-31 14:47:48,641 [main] INFO Utils - UNCLAIMED TAB TEST : End
2017-05-31 14:47:48,761 [main] INFO Utils - CHATS TAB TEST: Started

2017-05-31 14:47:51,690 [main] INFO Utils - CLAIMED COUNT: 1
2017-05-31 14:47:51,754 [main] INFO Utils - Waiting for 5 seconds........
2017-05-31 14:47:57,614 [main] INFO Utils - Waiting for 5 seconds........
2017-05-31 14:48:03,174 [main] INFO Utils - Waiting for 5 seconds........
2017-05-31 14:48:08,703 [main] INFO Utils - Waiting for 5 seconds........
2017-05-31 14:48:13,991 [main] INFO Utils - Waiting for 5 seconds........
2017-05-31 14:48:19,274 [main] INFO Utils - DIALOG YES OR NO: Yes clicked
2017-05-31 14:48:19,510 [main] INFO Utils - CHATS TAB TEST: End
2017-05-31 14:48:19,589 [main] INFO Utils - SIGNOUT TEST : Started
2017-05-31 14:48:19,590 [main] INFO Utils - Waiting for 5 seconds........
2017-05-31 14:48:24,993 [main] INFO Utils - Waiting for 10 seconds........
2017-05-31 14:48:35,147 [main] INFO Utils - PROFILE TAB: Icon Clicked
2017-05-31 14:48:35,249 [main] INFO Utils - Waiting for 10 seconds........
2017-05-31 14:48:45,425 [main] INFO Utils - SIGN OUT: Clicked
2017-05-31 14:48:45,426 [main] INFO Utils - Waiting for 5 seconds........
2017-05-31 14:48:50,497 [main] INFO Utils - Waiting for 10 seconds........
2017-05-31 14:49:00,945 [main] INFO Utils - DIALOG YES OR NO: Yes clicked
2017-05-31 14:49:00,945 [main] INFO Utils - Logout : Logged Out Successfully....
2017-05-31 14:49:01,386 [main] INFO Utils - SIGNOUT TEST : End
